<?xml version="1.0" encoding="UTF-8"?>
<testsuite xmlns:xsi="http://www.w3.org/2001/XMLSchema-instance" xsi:noNamespaceSchemaLocation="https://maven.apache.org/surefire/maven-surefire-plugin/xsd/surefire-test-report-3.0.xsd" version="3.0" name="ru.misskotik.CheckoutTest" time="12.368" tests="1" errors="0" skipped="0" failures="0">
  <properties>
    <property name="java.specification.version" value="17"/>
    <property name="webdriver.chrome.driver" value="/Users/lally/.cache/selenium/chromedriver/mac64/98.0.4758.102/chromedriver"/>
    <property name="sun.jnu.encoding" value="UTF-8"/>
    <property name="java.class.path" value="/Users/lally/Desktop/HW/PageObjHW6/PageObjHW6/target/test-classes:/Users/lally/Desktop/HW/PageObjHW6/PageObjHW6/target/classes:/Users/lally/.m2/repository/org/junit/jupiter/junit-jupiter-engine/5.6.2/junit-jupiter-engine-5.6.2.jar:/Users/lally/.m2/repository/org/apiguardian/apiguardian-api/1.1.0/apiguardian-api-1.1.0.jar:/Users/lally/.m2/repository/org/junit/platform/junit-platform-engine/1.6.2/junit-platform-engine-1.6.2.jar:/Users/lally/.m2/repository/org/opentest4j/opentest4j/1.2.0/opentest4j-1.2.0.jar:/Users/lally/.m2/repository/org/junit/platform/junit-platform-commons/1.6.2/junit-platform-commons-1.6.2.jar:/Users/lally/.m2/repository/org/junit/jupiter/junit-jupiter-api/5.6.2/junit-jupiter-api-5.6.2.jar:/Users/lally/.m2/repository/org/junit/jupiter/junit-jupiter-params/5.6.2/junit-jupiter-params-5.6.2.jar:/Users/lally/.m2/repository/ch/qos/logback/logback-classic/1.2.3/logback-classic-1.2.3.jar:/Users/lally/.m2/repository/ch/qos/logback/logback-core/1.2.3/logback-core-1.2.3.jar:/Users/lally/.m2/repository/org/slf4j/slf4j-api/1.7.25/slf4j-api-1.7.25.jar:/Users/lally/.m2/repository/org/seleniumhq/selenium/selenium-java/4.0.0/selenium-java-4.0.0.jar:/Users/lally/.m2/repository/org/seleniumhq/selenium/selenium-api/4.0.0/selenium-api-4.0.0.jar:/Users/lally/.m2/repository/org/seleniumhq/selenium/selenium-chrome-driver/4.0.0/selenium-chrome-driver-4.0.0.jar:/Users/lally/.m2/repository/com/google/auto/service/auto-service-annotations/1.0/auto-service-annotations-1.0.jar:/Users/lally/.m2/repository/com/google/auto/service/auto-service/1.0/auto-service-1.0.jar:/Users/lally/.m2/repository/com/google/auto/auto-common/1.0/auto-common-1.0.jar:/Users/lally/.m2/repository/org/seleniumhq/selenium/selenium-chromium-driver/4.0.0/selenium-chromium-driver-4.0.0.jar:/Users/lally/.m2/repository/org/seleniumhq/selenium/selenium-json/4.0.0/selenium-json-4.0.0.jar:/Users/lally/.m2/repository/org/seleniumhq/selenium/selenium-devtools-v85/4.0.0/selenium-devtools-v85-4.0.0.jar:/Users/lally/.m2/repository/org/seleniumhq/selenium/selenium-devtools-v93/4.0.0/selenium-devtools-v93-4.0.0.jar:/Users/lally/.m2/repository/org/seleniumhq/selenium/selenium-devtools-v94/4.0.0/selenium-devtools-v94-4.0.0.jar:/Users/lally/.m2/repository/org/seleniumhq/selenium/selenium-devtools-v95/4.0.0/selenium-devtools-v95-4.0.0.jar:/Users/lally/.m2/repository/org/seleniumhq/selenium/selenium-edge-driver/4.0.0/selenium-edge-driver-4.0.0.jar:/Users/lally/.m2/repository/org/seleniumhq/selenium/selenium-firefox-driver/4.0.0/selenium-firefox-driver-4.0.0.jar:/Users/lally/.m2/repository/org/seleniumhq/selenium/selenium-firefox-xpi-driver/4.0.0/selenium-firefox-xpi-driver-4.0.0.jar:/Users/lally/.m2/repository/org/seleniumhq/selenium/selenium-ie-driver/4.0.0/selenium-ie-driver-4.0.0.jar:/Users/lally/.m2/repository/org/seleniumhq/selenium/selenium-opera-driver/4.0.0/selenium-opera-driver-4.0.0.jar:/Users/lally/.m2/repository/org/seleniumhq/selenium/selenium-remote-driver/4.0.0/selenium-remote-driver-4.0.0.jar:/Users/lally/.m2/repository/com/beust/jcommander/1.81/jcommander-1.81.jar:/Users/lally/.m2/repository/io/netty/netty-buffer/4.1.68.Final/netty-buffer-4.1.68.Final.jar:/Users/lally/.m2/repository/io/netty/netty-codec-http/4.1.67.Final/netty-codec-http-4.1.67.Final.jar:/Users/lally/.m2/repository/io/netty/netty-codec/4.1.67.Final/netty-codec-4.1.67.Final.jar:/Users/lally/.m2/repository/io/netty/netty-handler/4.1.67.Final/netty-handler-4.1.67.Final.jar:/Users/lally/.m2/repository/io/netty/netty-common/4.1.68.Final/netty-common-4.1.68.Final.jar:/Users/lally/.m2/repository/io/netty/netty-transport-native-epoll/4.1.67.Final/netty-transport-native-epoll-4.1.67.Final.jar:/Users/lally/.m2/repository/io/netty/netty-transport-native-kqueue/4.1.67.Final/netty-transport-native-kqueue-4.1.67.Final.jar:/Users/lally/.m2/repository/io/netty/netty-transport-native-unix-common/4.1.67.Final/netty-transport-native-unix-common-4.1.67.Final.jar:/Users/lally/.m2/repository/io/netty/netty-transport/4.1.68.Final/netty-transport-4.1.68.Final.jar:/Users/lally/.m2/repository/io/netty/netty-resolver/4.1.68.Final/netty-resolver-4.1.68.Final.jar:/Users/lally/.m2/repository/io/opentelemetry/opentelemetry-api/1.6.0/opentelemetry-api-1.6.0.jar:/Users/lally/.m2/repository/io/opentelemetry/opentelemetry-context/1.6.0/opentelemetry-context-1.6.0.jar:/Users/lally/.m2/repository/io/opentelemetry/opentelemetry-exporter-logging/1.6.0/opentelemetry-exporter-logging-1.6.0.jar:/Users/lally/.m2/repository/io/opentelemetry/opentelemetry-sdk-metrics/1.6.0-alpha/opentelemetry-sdk-metrics-1.6.0-alpha.jar:/Users/lally/.m2/repository/io/opentelemetry/opentelemetry-sdk-common/1.6.0/opentelemetry-sdk-common-1.6.0.jar:/Users/lally/.m2/repository/io/opentelemetry/opentelemetry-sdk-extension-autoconfigure-spi/1.6.0/opentelemetry-sdk-extension-autoconfigure-spi-1.6.0.jar:/Users/lally/.m2/repository/io/opentelemetry/opentelemetry-sdk-extension-autoconfigure/1.6.0-alpha/opentelemetry-sdk-extension-autoconfigure-1.6.0-alpha.jar:/Users/lally/.m2/repository/io/opentelemetry/opentelemetry-sdk-trace/1.6.0/opentelemetry-sdk-trace-1.6.0.jar:/Users/lally/.m2/repository/io/opentelemetry/opentelemetry-api-metrics/1.6.0-alpha/opentelemetry-api-metrics-1.6.0-alpha.jar:/Users/lally/.m2/repository/io/opentelemetry/opentelemetry-sdk/1.6.0/opentelemetry-sdk-1.6.0.jar:/Users/lally/.m2/repository/io/opentelemetry/opentelemetry-semconv/1.6.0-alpha/opentelemetry-semconv-1.6.0-alpha.jar:/Users/lally/.m2/repository/io/ous/jtoml/2.0.0/jtoml-2.0.0.jar:/Users/lally/.m2/repository/net/bytebuddy/byte-buddy/1.11.19/byte-buddy-1.11.19.jar:/Users/lally/.m2/repository/org/apache/commons/commons-exec/1.3/commons-exec-1.3.jar:/Users/lally/.m2/repository/org/asynchttpclient/async-http-client/2.12.3/async-http-client-2.12.3.jar:/Users/lally/.m2/repository/org/asynchttpclient/async-http-client-netty-utils/2.12.3/async-http-client-netty-utils-2.12.3.jar:/Users/lally/.m2/repository/io/netty/netty-codec-socks/4.1.60.Final/netty-codec-socks-4.1.60.Final.jar:/Users/lally/.m2/repository/io/netty/netty-handler-proxy/4.1.60.Final/netty-handler-proxy-4.1.60.Final.jar:/Users/lally/.m2/repository/io/netty/netty-transport-native-epoll/4.1.60.Final/netty-transport-native-epoll-4.1.60.Final-linux-x86_64.jar:/Users/lally/.m2/repository/io/netty/netty-transport-native-kqueue/4.1.60.Final/netty-transport-native-kqueue-4.1.60.Final-osx-x86_64.jar:/Users/lally/.m2/repository/org/reactivestreams/reactive-streams/1.0.3/reactive-streams-1.0.3.jar:/Users/lally/.m2/repository/com/typesafe/netty/netty-reactive-streams/2.0.4/netty-reactive-streams-2.0.4.jar:/Users/lally/.m2/repository/com/sun/activation/jakarta.activation/1.2.2/jakarta.activation-1.2.2.jar:/Users/lally/.m2/repository/org/seleniumhq/selenium/selenium-http/4.0.0/selenium-http-4.0.0.jar:/Users/lally/.m2/repository/org/seleniumhq/selenium/selenium-safari-driver/4.0.0/selenium-safari-driver-4.0.0.jar:/Users/lally/.m2/repository/org/seleniumhq/selenium/selenium-support/4.0.0/selenium-support-4.0.0.jar:/Users/lally/.m2/repository/io/github/bonigarcia/webdrivermanager/5.0.3/webdrivermanager-5.0.3.jar:/Users/lally/.m2/repository/com/google/code/gson/gson/2.8.8/gson-2.8.8.jar:/Users/lally/.m2/repository/org/jsoup/jsoup/1.14.2/jsoup-1.14.2.jar:/Users/lally/.m2/repository/com/github/docker-java/docker-java/3.2.12/docker-java-3.2.12.jar:/Users/lally/.m2/repository/com/github/docker-java/docker-java-core/3.2.12/docker-java-core-3.2.12.jar:/Users/lally/.m2/repository/com/github/docker-java/docker-java-api/3.2.12/docker-java-api-3.2.12.jar:/Users/lally/.m2/repository/com/fasterxml/jackson/core/jackson-annotations/2.10.3/jackson-annotations-2.10.3.jar:/Users/lally/.m2/repository/commons-io/commons-io/2.6/commons-io-2.6.jar:/Users/lally/.m2/repository/org/apache/commons/commons-compress/1.21/commons-compress-1.21.jar:/Users/lally/.m2/repository/commons-lang/commons-lang/2.6/commons-lang-2.6.jar:/Users/lally/.m2/repository/com/fasterxml/jackson/core/jackson-databind/2.10.3/jackson-databind-2.10.3.jar:/Users/lally/.m2/repository/com/fasterxml/jackson/core/jackson-core/2.10.3/jackson-core-2.10.3.jar:/Users/lally/.m2/repository/org/bouncycastle/bcpkix-jdk15on/1.64/bcpkix-jdk15on-1.64.jar:/Users/lally/.m2/repository/org/bouncycastle/bcprov-jdk15on/1.64/bcprov-jdk15on-1.64.jar:/Users/lally/.m2/repository/org/slf4j/jcl-over-slf4j/1.7.30/jcl-over-slf4j-1.7.30.jar:/Users/lally/.m2/repository/com/github/docker-java/docker-java-transport-httpclient5/3.2.12/docker-java-transport-httpclient5-3.2.12.jar:/Users/lally/.m2/repository/com/github/docker-java/docker-java-transport/3.2.12/docker-java-transport-3.2.12.jar:/Users/lally/.m2/repository/org/apache/httpcomponents/client5/httpclient5/5.0.3/httpclient5-5.0.3.jar:/Users/lally/.m2/repository/org/apache/httpcomponents/core5/httpcore5/5.0.2/httpcore5-5.0.2.jar:/Users/lally/.m2/repository/commons-codec/commons-codec/1.13/commons-codec-1.13.jar:/Users/lally/.m2/repository/net/java/dev/jna/jna/5.8.0/jna-5.8.0.jar:/Users/lally/.m2/repository/com/google/guava/guava/30.1.1-jre/guava-30.1.1-jre.jar:/Users/lally/.m2/repository/com/google/guava/failureaccess/1.0.1/failureaccess-1.0.1.jar:/Users/lally/.m2/repository/com/google/guava/listenablefuture/9999.0-empty-to-avoid-conflict-with-guava/listenablefuture-9999.0-empty-to-avoid-conflict-with-guava.jar:/Users/lally/.m2/repository/com/google/code/findbugs/jsr305/3.0.2/jsr305-3.0.2.jar:/Users/lally/.m2/repository/org/checkerframework/checker-qual/3.8.0/checker-qual-3.8.0.jar:/Users/lally/.m2/repository/com/google/errorprone/error_prone_annotations/2.5.1/error_prone_annotations-2.5.1.jar:/Users/lally/.m2/repository/com/google/j2objc/j2objc-annotations/1.3/j2objc-annotations-1.3.jar:/Users/lally/.m2/repository/org/brotli/dec/0.1.2/dec-0.1.2.jar:"/>
    <property name="java.vm.vendor" value="Oracle Corporation"/>
    <property name="sun.arch.data.model" value="64"/>
    <property name="java.vendor.url" value="https://java.oracle.com/"/>
    <property name="user.timezone" value="Europe/Moscow"/>
    <property name="os.name" value="Mac OS X"/>
    <property name="java.vm.specification.version" value="17"/>
    <property name="sun.java.launcher" value="SUN_STANDARD"/>
    <property name="user.country" value="RU"/>
    <property name="sun.boot.library.path" value="/Users/lally/Library/Java/JavaVirtualMachines/openjdk-17.0.1/Contents/Home/lib"/>
    <property name="sun.java.command" value="/Users/lally/Desktop/HW/PageObjHW6/PageObjHW6/target/surefire/surefirebooter8945285685300342961.jar /Users/lally/Desktop/HW/PageObjHW6/PageObjHW6/target/surefire 2022-02-27T01-13-50_242-jvmRun1 surefire14351504668773732768tmp surefire_09856160917614247217tmp"/>
    <property name="jdk.debug" value="release"/>
    <property name="surefire.test.class.path" value="/Users/lally/Desktop/HW/PageObjHW6/PageObjHW6/target/test-classes:/Users/lally/Desktop/HW/PageObjHW6/PageObjHW6/target/classes:/Users/lally/.m2/repository/org/junit/jupiter/junit-jupiter-engine/5.6.2/junit-jupiter-engine-5.6.2.jar:/Users/lally/.m2/repository/org/apiguardian/apiguardian-api/1.1.0/apiguardian-api-1.1.0.jar:/Users/lally/.m2/repository/org/junit/platform/junit-platform-engine/1.6.2/junit-platform-engine-1.6.2.jar:/Users/lally/.m2/repository/org/opentest4j/opentest4j/1.2.0/opentest4j-1.2.0.jar:/Users/lally/.m2/repository/org/junit/platform/junit-platform-commons/1.6.2/junit-platform-commons-1.6.2.jar:/Users/lally/.m2/repository/org/junit/jupiter/junit-jupiter-api/5.6.2/junit-jupiter-api-5.6.2.jar:/Users/lally/.m2/repository/org/junit/jupiter/junit-jupiter-params/5.6.2/junit-jupiter-params-5.6.2.jar:/Users/lally/.m2/repository/ch/qos/logback/logback-classic/1.2.3/logback-classic-1.2.3.jar:/Users/lally/.m2/repository/ch/qos/logback/logback-core/1.2.3/logback-core-1.2.3.jar:/Users/lally/.m2/repository/org/slf4j/slf4j-api/1.7.25/slf4j-api-1.7.25.jar:/Users/lally/.m2/repository/org/seleniumhq/selenium/selenium-java/4.0.0/selenium-java-4.0.0.jar:/Users/lally/.m2/repository/org/seleniumhq/selenium/selenium-api/4.0.0/selenium-api-4.0.0.jar:/Users/lally/.m2/repository/org/seleniumhq/selenium/selenium-chrome-driver/4.0.0/selenium-chrome-driver-4.0.0.jar:/Users/lally/.m2/repository/com/google/auto/service/auto-service-annotations/1.0/auto-service-annotations-1.0.jar:/Users/lally/.m2/repository/com/google/auto/service/auto-service/1.0/auto-service-1.0.jar:/Users/lally/.m2/repository/com/google/auto/auto-common/1.0/auto-common-1.0.jar:/Users/lally/.m2/repository/org/seleniumhq/selenium/selenium-chromium-driver/4.0.0/selenium-chromium-driver-4.0.0.jar:/Users/lally/.m2/repository/org/seleniumhq/selenium/selenium-json/4.0.0/selenium-json-4.0.0.jar:/Users/lally/.m2/repository/org/seleniumhq/selenium/selenium-devtools-v85/4.0.0/selenium-devtools-v85-4.0.0.jar:/Users/lally/.m2/repository/org/seleniumhq/selenium/selenium-devtools-v93/4.0.0/selenium-devtools-v93-4.0.0.jar:/Users/lally/.m2/repository/org/seleniumhq/selenium/selenium-devtools-v94/4.0.0/selenium-devtools-v94-4.0.0.jar:/Users/lally/.m2/repository/org/seleniumhq/selenium/selenium-devtools-v95/4.0.0/selenium-devtools-v95-4.0.0.jar:/Users/lally/.m2/repository/org/seleniumhq/selenium/selenium-edge-driver/4.0.0/selenium-edge-driver-4.0.0.jar:/Users/lally/.m2/repository/org/seleniumhq/selenium/selenium-firefox-driver/4.0.0/selenium-firefox-driver-4.0.0.jar:/Users/lally/.m2/repository/org/seleniumhq/selenium/selenium-firefox-xpi-driver/4.0.0/selenium-firefox-xpi-driver-4.0.0.jar:/Users/lally/.m2/repository/org/seleniumhq/selenium/selenium-ie-driver/4.0.0/selenium-ie-driver-4.0.0.jar:/Users/lally/.m2/repository/org/seleniumhq/selenium/selenium-opera-driver/4.0.0/selenium-opera-driver-4.0.0.jar:/Users/lally/.m2/repository/org/seleniumhq/selenium/selenium-remote-driver/4.0.0/selenium-remote-driver-4.0.0.jar:/Users/lally/.m2/repository/com/beust/jcommander/1.81/jcommander-1.81.jar:/Users/lally/.m2/repository/io/netty/netty-buffer/4.1.68.Final/netty-buffer-4.1.68.Final.jar:/Users/lally/.m2/repository/io/netty/netty-codec-http/4.1.67.Final/netty-codec-http-4.1.67.Final.jar:/Users/lally/.m2/repository/io/netty/netty-codec/4.1.67.Final/netty-codec-4.1.67.Final.jar:/Users/lally/.m2/repository/io/netty/netty-handler/4.1.67.Final/netty-handler-4.1.67.Final.jar:/Users/lally/.m2/repository/io/netty/netty-common/4.1.68.Final/netty-common-4.1.68.Final.jar:/Users/lally/.m2/repository/io/netty/netty-transport-native-epoll/4.1.67.Final/netty-transport-native-epoll-4.1.67.Final.jar:/Users/lally/.m2/repository/io/netty/netty-transport-native-kqueue/4.1.67.Final/netty-transport-native-kqueue-4.1.67.Final.jar:/Users/lally/.m2/repository/io/netty/netty-transport-native-unix-common/4.1.67.Final/netty-transport-native-unix-common-4.1.67.Final.jar:/Users/lally/.m2/repository/io/netty/netty-transport/4.1.68.Final/netty-transport-4.1.68.Final.jar:/Users/lally/.m2/repository/io/netty/netty-resolver/4.1.68.Final/netty-resolver-4.1.68.Final.jar:/Users/lally/.m2/repository/io/opentelemetry/opentelemetry-api/1.6.0/opentelemetry-api-1.6.0.jar:/Users/lally/.m2/repository/io/opentelemetry/opentelemetry-context/1.6.0/opentelemetry-context-1.6.0.jar:/Users/lally/.m2/repository/io/opentelemetry/opentelemetry-exporter-logging/1.6.0/opentelemetry-exporter-logging-1.6.0.jar:/Users/lally/.m2/repository/io/opentelemetry/opentelemetry-sdk-metrics/1.6.0-alpha/opentelemetry-sdk-metrics-1.6.0-alpha.jar:/Users/lally/.m2/repository/io/opentelemetry/opentelemetry-sdk-common/1.6.0/opentelemetry-sdk-common-1.6.0.jar:/Users/lally/.m2/repository/io/opentelemetry/opentelemetry-sdk-extension-autoconfigure-spi/1.6.0/opentelemetry-sdk-extension-autoconfigure-spi-1.6.0.jar:/Users/lally/.m2/repository/io/opentelemetry/opentelemetry-sdk-extension-autoconfigure/1.6.0-alpha/opentelemetry-sdk-extension-autoconfigure-1.6.0-alpha.jar:/Users/lally/.m2/repository/io/opentelemetry/opentelemetry-sdk-trace/1.6.0/opentelemetry-sdk-trace-1.6.0.jar:/Users/lally/.m2/repository/io/opentelemetry/opentelemetry-api-metrics/1.6.0-alpha/opentelemetry-api-metrics-1.6.0-alpha.jar:/Users/lally/.m2/repository/io/opentelemetry/opentelemetry-sdk/1.6.0/opentelemetry-sdk-1.6.0.jar:/Users/lally/.m2/repository/io/opentelemetry/opentelemetry-semconv/1.6.0-alpha/opentelemetry-semconv-1.6.0-alpha.jar:/Users/lally/.m2/repository/io/ous/jtoml/2.0.0/jtoml-2.0.0.jar:/Users/lally/.m2/repository/net/bytebuddy/byte-buddy/1.11.19/byte-buddy-1.11.19.jar:/Users/lally/.m2/repository/org/apache/commons/commons-exec/1.3/commons-exec-1.3.jar:/Users/lally/.m2/repository/org/asynchttpclient/async-http-client/2.12.3/async-http-client-2.12.3.jar:/Users/lally/.m2/repository/org/asynchttpclient/async-http-client-netty-utils/2.12.3/async-http-client-netty-utils-2.12.3.jar:/Users/lally/.m2/repository/io/netty/netty-codec-socks/4.1.60.Final/netty-codec-socks-4.1.60.Final.jar:/Users/lally/.m2/repository/io/netty/netty-handler-proxy/4.1.60.Final/netty-handler-proxy-4.1.60.Final.jar:/Users/lally/.m2/repository/io/netty/netty-transport-native-epoll/4.1.60.Final/netty-transport-native-epoll-4.1.60.Final-linux-x86_64.jar:/Users/lally/.m2/repository/io/netty/netty-transport-native-kqueue/4.1.60.Final/netty-transport-native-kqueue-4.1.60.Final-osx-x86_64.jar:/Users/lally/.m2/repository/org/reactivestreams/reactive-streams/1.0.3/reactive-streams-1.0.3.jar:/Users/lally/.m2/repository/com/typesafe/netty/netty-reactive-streams/2.0.4/netty-reactive-streams-2.0.4.jar:/Users/lally/.m2/repository/com/sun/activation/jakarta.activation/1.2.2/jakarta.activation-1.2.2.jar:/Users/lally/.m2/repository/org/seleniumhq/selenium/selenium-http/4.0.0/selenium-http-4.0.0.jar:/Users/lally/.m2/repository/org/seleniumhq/selenium/selenium-safari-driver/4.0.0/selenium-safari-driver-4.0.0.jar:/Users/lally/.m2/repository/org/seleniumhq/selenium/selenium-support/4.0.0/selenium-support-4.0.0.jar:/Users/lally/.m2/repository/io/github/bonigarcia/webdrivermanager/5.0.3/webdrivermanager-5.0.3.jar:/Users/lally/.m2/repository/com/google/code/gson/gson/2.8.8/gson-2.8.8.jar:/Users/lally/.m2/repository/org/jsoup/jsoup/1.14.2/jsoup-1.14.2.jar:/Users/lally/.m2/repository/com/github/docker-java/docker-java/3.2.12/docker-java-3.2.12.jar:/Users/lally/.m2/repository/com/github/docker-java/docker-java-core/3.2.12/docker-java-core-3.2.12.jar:/Users/lally/.m2/repository/com/github/docker-java/docker-java-api/3.2.12/docker-java-api-3.2.12.jar:/Users/lally/.m2/repository/com/fasterxml/jackson/core/jackson-annotations/2.10.3/jackson-annotations-2.10.3.jar:/Users/lally/.m2/repository/commons-io/commons-io/2.6/commons-io-2.6.jar:/Users/lally/.m2/repository/org/apache/commons/commons-compress/1.21/commons-compress-1.21.jar:/Users/lally/.m2/repository/commons-lang/commons-lang/2.6/commons-lang-2.6.jar:/Users/lally/.m2/repository/com/fasterxml/jackson/core/jackson-databind/2.10.3/jackson-databind-2.10.3.jar:/Users/lally/.m2/repository/com/fasterxml/jackson/core/jackson-core/2.10.3/jackson-core-2.10.3.jar:/Users/lally/.m2/repository/org/bouncycastle/bcpkix-jdk15on/1.64/bcpkix-jdk15on-1.64.jar:/Users/lally/.m2/repository/org/bouncycastle/bcprov-jdk15on/1.64/bcprov-jdk15on-1.64.jar:/Users/lally/.m2/repository/org/slf4j/jcl-over-slf4j/1.7.30/jcl-over-slf4j-1.7.30.jar:/Users/lally/.m2/repository/com/github/docker-java/docker-java-transport-httpclient5/3.2.12/docker-java-transport-httpclient5-3.2.12.jar:/Users/lally/.m2/repository/com/github/docker-java/docker-java-transport/3.2.12/docker-java-transport-3.2.12.jar:/Users/lally/.m2/repository/org/apache/httpcomponents/client5/httpclient5/5.0.3/httpclient5-5.0.3.jar:/Users/lally/.m2/repository/org/apache/httpcomponents/core5/httpcore5/5.0.2/httpcore5-5.0.2.jar:/Users/lally/.m2/repository/commons-codec/commons-codec/1.13/commons-codec-1.13.jar:/Users/lally/.m2/repository/net/java/dev/jna/jna/5.8.0/jna-5.8.0.jar:/Users/lally/.m2/repository/com/google/guava/guava/30.1.1-jre/guava-30.1.1-jre.jar:/Users/lally/.m2/repository/com/google/guava/failureaccess/1.0.1/failureaccess-1.0.1.jar:/Users/lally/.m2/repository/com/google/guava/listenablefuture/9999.0-empty-to-avoid-conflict-with-guava/listenablefuture-9999.0-empty-to-avoid-conflict-with-guava.jar:/Users/lally/.m2/repository/com/google/code/findbugs/jsr305/3.0.2/jsr305-3.0.2.jar:/Users/lally/.m2/repository/org/checkerframework/checker-qual/3.8.0/checker-qual-3.8.0.jar:/Users/lally/.m2/repository/com/google/errorprone/error_prone_annotations/2.5.1/error_prone_annotations-2.5.1.jar:/Users/lally/.m2/repository/com/google/j2objc/j2objc-annotations/1.3/j2objc-annotations-1.3.jar:/Users/lally/.m2/repository/org/brotli/dec/0.1.2/dec-0.1.2.jar:"/>
    <property name="sun.cpu.endian" value="little"/>
    <property name="user.home" value="/Users/lally"/>
    <property name="user.language" value="ru"/>
    <property name="java.specification.vendor" value="Oracle Corporation"/>
    <property name="java.version.date" value="2021-10-19"/>
    <property name="java.home" value="/Users/lally/Library/Java/JavaVirtualMachines/openjdk-17.0.1/Contents/Home"/>
    <property name="file.separator" value="/"/>
    <property name="basedir" value="/Users/lally/Desktop/HW/PageObjHW6/PageObjHW6"/>
    <property name="java.vm.compressedOopsMode" value="Zero based"/>
    <property name="line.separator" value="&#10;"/>
    <property name="java.specification.name" value="Java Platform API Specification"/>
    <property name="java.vm.specification.vendor" value="Oracle Corporation"/>
    <property name="surefire.real.class.path" value="/Users/lally/Desktop/HW/PageObjHW6/PageObjHW6/target/surefire/surefirebooter8945285685300342961.jar"/>
    <property name="sun.management.compiler" value="HotSpot 64-Bit Tiered Compilers"/>
    <property name="java.runtime.version" value="17.0.1+12-39"/>
    <property name="user.name" value="lally"/>
    <property name="path.separator" value=":"/>
    <property name="os.version" value="11.6"/>
    <property name="java.runtime.name" value="OpenJDK Runtime Environment"/>
    <property name="file.encoding" value="UTF-8"/>
    <property name="sun.nio.ch.bugLevel" value=""/>
    <property name="java.vm.name" value="OpenJDK 64-Bit Server VM"/>
    <property name="localRepository" value="/Users/lally/.m2/repository"/>
    <property name="java.vendor.url.bug" value="https://bugreport.java.com/bugreport/"/>
    <property name="java.io.tmpdir" value="/var/folders/r3/m6r6c5ks2hl9s122d6lf3zbh0000gn/T/"/>
    <property name="idea.version" value="2021.1"/>
    <property name="java.version" value="17.0.1"/>
    <property name="user.dir" value="/Users/lally/Desktop/HW/PageObjHW6/PageObjHW6"/>
    <property name="os.arch" value="x86_64"/>
    <property name="java.vm.specification.name" value="Java Virtual Machine Specification"/>
    <property name="native.encoding" value="UTF-8"/>
    <property name="java.library.path" value="/Users/lally/Library/Java/Extensions:/Library/Java/Extensions:/Network/Library/Java/Extensions:/System/Library/Java/Extensions:/usr/lib/java:."/>
    <property name="java.vm.info" value="mixed mode, sharing"/>
    <property name="java.vendor" value="Oracle Corporation"/>
    <property name="java.vm.version" value="17.0.1+12-39"/>
    <property name="sun.io.unicode.encoding" value="UnicodeBig"/>
    <property name="java.class.version" value="61.0"/>
  </properties>
  <testcase name="startCheckoutTest" classname="ru.misskotik.CheckoutTest" time="5.372">
    <system-out><![CDATA[01:14:19.319 [AsyncHttpClient-1-1] DEBUG org.asynchttpclient.netty.channel.DefaultChannelPool - Entry count for : http://localhost:50114 : 1
01:14:19.319 [AsyncHttpClient-1-1] DEBUG org.asynchttpclient.netty.channel.DefaultChannelPool - Entry count for : http://localhost:63161 : 1
01:14:19.319 [AsyncHttpClient-1-1] DEBUG org.asynchttpclient.netty.channel.DefaultChannelPool - Adding Candidate expired Channel [id: 0x3a92fd00, L:/127.0.0.1:50119 ! R:localhost/127.0.0.1:50114] isIdleTimeoutExpired=false isRemotelyClosed=true isTtlExpired=false
01:14:19.320 [AsyncHttpClient-1-1] DEBUG org.asynchttpclient.netty.channel.DefaultChannelPool - Closing Idle Channel [id: 0x3a92fd00, L:/127.0.0.1:50119 ! R:localhost/127.0.0.1:50114]
01:14:19.320 [AsyncHttpClient-1-1] DEBUG org.asynchttpclient.netty.channel.DefaultChannelPool - Adding Candidate expired Channel [id: 0xa572475c, L:/127.0.0.1:50113 ! R:localhost/127.0.0.1:63161] isIdleTimeoutExpired=false isRemotelyClosed=true isTtlExpired=false
01:14:19.320 [AsyncHttpClient-1-1] DEBUG org.asynchttpclient.netty.channel.DefaultChannelPool - Closing Idle Channel [id: 0xa572475c, L:/127.0.0.1:50113 ! R:localhost/127.0.0.1:63161]
01:14:19.321 [AsyncHttpClient-1-1] DEBUG org.asynchttpclient.netty.channel.DefaultChannelPool - Closed 2 connections out of 2 in 1 ms
01:14:19.331 [main] DEBUG io.github.bonigarcia.wdm.cache.ResolutionCache - Resolution chrome=98 in cache (valid until 02:09:51 27/02/2022 MSK)
01:14:19.333 [main] DEBUG io.github.bonigarcia.wdm.cache.ResolutionCache - Resolution chrome98=98.0.4758.102 in cache (valid until 15:28:02 27/02/2022 MSK)
01:14:19.333 [main] INFO io.github.bonigarcia.wdm.WebDriverManager - Using chromedriver 98.0.4758.102 (resolved driver for Chrome 98)
01:14:19.338 [main] DEBUG io.github.bonigarcia.wdm.WebDriverManager - Driver chromedriver 98.0.4758.102 found in cache
01:14:19.339 [main] INFO io.github.bonigarcia.wdm.WebDriverManager - Exporting webdriver.chrome.driver as /Users/lally/.cache/selenium/chromedriver/mac64/98.0.4758.102/chromedriver
01:14:19.601 [AsyncHttpClient-1-5] DEBUG org.asynchttpclient.netty.channel.NettyConnectListener - Using new Channel '[id: 0x3fddc6f3, L:/127.0.0.1:50130 - R:localhost/127.0.0.1:58188]' for 'POST' to '/session'
01:14:25.905 [AsyncHttpClient-1-5] DEBUG org.asynchttpclient.netty.handler.HttpHandler - 

Request DefaultHttpRequest(decodeResult: success, version: HTTP/1.1)
POST /session HTTP/1.1
User-Agent: selenium/4.0.0 (java mac)
Content-Length: 543
Content-Type: application/json; charset=utf-8
host: localhost:58188
accept: */*

Response DefaultHttpResponse(decodeResult: success, version: HTTP/1.1)
HTTP/1.1 200 OK
Content-Type: application/json; charset=utf-8
cache-control: no-cache
content-length: 800

01:14:25.906 [AsyncHttpClient-1-5] DEBUG org.asynchttpclient.netty.channel.ChannelManager - Adding key: http://localhost:58188 for channel [id: 0x3fddc6f3, L:/127.0.0.1:50130 - R:localhost/127.0.0.1:58188]
01:14:25.919 [AsyncHttpClient-1-1] DEBUG org.asynchttpclient.netty.channel.DefaultChannelPool - Entry count for : http://localhost:58188 : 1
01:14:25.936 [AsyncHttpClient-1-6] DEBUG org.asynchttpclient.netty.channel.NettyConnectListener - Using new Channel '[id: 0x6e16e5be, L:/127.0.0.1:50135 - R:localhost/127.0.0.1:50131]' for 'GET' to '/json/version'
01:14:25.960 [AsyncHttpClient-1-6] DEBUG org.asynchttpclient.netty.handler.HttpHandler - 

Request DefaultFullHttpRequest(decodeResult: success, version: HTTP/1.1, content: EmptyByteBufBE)
GET /json/version HTTP/1.1
User-Agent: selenium/4.0.0 (java mac)
host: localhost:50131
accept: */*

Response DefaultHttpResponse(decodeResult: success, version: HTTP/1.1)
HTTP/1.1 200 OK
Content-Type: application/json; charset=UTF-8
content-length: 424

01:14:25.962 [AsyncHttpClient-1-6] DEBUG org.asynchttpclient.netty.channel.ChannelManager - Adding key: http://localhost:50131 for channel [id: 0x6e16e5be, L:/127.0.0.1:50135 - R:localhost/127.0.0.1:50131]
01:14:25.968 [AsyncHttpClient-1-7] DEBUG org.asynchttpclient.netty.channel.NettyConnectListener - Using new Channel '[id: 0x6cca8fac, L:/127.0.0.1:50136 - R:localhost/127.0.0.1:50131]' for 'GET' to '/devtools/browser/9c32f87e-2349-4b09-9397-97550af0e253'
01:14:25.992 [AsyncHttpClient-1-7] DEBUG org.asynchttpclient.netty.handler.WebSocketHandler - 

Request DefaultFullHttpRequest(decodeResult: success, version: HTTP/1.1, content: EmptyByteBufBE)
GET /devtools/browser/9c32f87e-2349-4b09-9397-97550af0e253 HTTP/1.1
upgrade: websocket
connection: upgrade
sec-websocket-key: xGo2heXTX2nqOb9mKFWwfA==
sec-websocket-version: 13
origin: http://localhost:50131
host: localhost:50131
accept: */*
user-agent: AHC/2.1

Response DefaultHttpResponse(decodeResult: success, version: HTTP/1.1)
HTTP/1.1 101 WebSocket Protocol Handshake
Upgrade: WebSocket
Connection: Upgrade
Sec-WebSocket-Accept: 8sh+6tzQ/9Fzol8EN2rIvsOqd2A=

01:14:26.013 [Forwarding setTimeout on session 5ecaef6346576e55eb276cf20e97ec9e to remote] DEBUG org.asynchttpclient.netty.request.NettyRequestSender - Using pooled Channel '[id: 0x3fddc6f3, L:/127.0.0.1:50130 - R:localhost/127.0.0.1:58188]' for 'POST' to 'http://localhost:58188/session/5ecaef6346576e55eb276cf20e97ec9e/timeouts'
01:14:26.014 [Forwarding setTimeout on session 5ecaef6346576e55eb276cf20e97ec9e to remote] DEBUG org.asynchttpclient.netty.request.NettyRequestSender - Using open Channel [id: 0x3fddc6f3, L:/127.0.0.1:50130 - R:localhost/127.0.0.1:58188] for POST '/session/5ecaef6346576e55eb276cf20e97ec9e/timeouts'
01:14:26.016 [AsyncHttpClient-1-5] DEBUG org.asynchttpclient.netty.handler.HttpHandler - 

Request DefaultHttpRequest(decodeResult: success, version: HTTP/1.1)
POST /session/5ecaef6346576e55eb276cf20e97ec9e/timeouts HTTP/1.1
User-Agent: selenium/4.0.0 (java mac)
Content-Length: 22
Content-Type: application/json; charset=utf-8
host: localhost:58188
accept: */*

Response DefaultHttpResponse(decodeResult: success, version: HTTP/1.1)
HTTP/1.1 200 OK
Content-Type: application/json; charset=utf-8
cache-control: no-cache
content-length: 14

01:14:26.017 [AsyncHttpClient-1-5] DEBUG org.asynchttpclient.netty.channel.ChannelManager - Adding key: http://localhost:58188 for channel [id: 0x3fddc6f3, L:/127.0.0.1:50130 - R:localhost/127.0.0.1:58188]
01:14:26.033 [Forwarding maximizeCurrentWindow on session 5ecaef6346576e55eb276cf20e97ec9e to remote] DEBUG org.asynchttpclient.netty.request.NettyRequestSender - Using pooled Channel '[id: 0x3fddc6f3, L:/127.0.0.1:50130 - R:localhost/127.0.0.1:58188]' for 'POST' to 'http://localhost:58188/session/5ecaef6346576e55eb276cf20e97ec9e/window/maximize'
01:14:26.034 [Forwarding maximizeCurrentWindow on session 5ecaef6346576e55eb276cf20e97ec9e to remote] DEBUG org.asynchttpclient.netty.request.NettyRequestSender - Using open Channel [id: 0x3fddc6f3, L:/127.0.0.1:50130 - R:localhost/127.0.0.1:58188] for POST '/session/5ecaef6346576e55eb276cf20e97ec9e/window/maximize'
01:14:26.204 [AsyncHttpClient-1-5] DEBUG org.asynchttpclient.netty.handler.HttpHandler - 

Request DefaultHttpRequest(decodeResult: success, version: HTTP/1.1)
POST /session/5ecaef6346576e55eb276cf20e97ec9e/window/maximize HTTP/1.1
User-Agent: selenium/4.0.0 (java mac)
Content-Length: 3
Content-Type: application/json; charset=utf-8
host: localhost:58188
accept: */*

Response DefaultHttpResponse(decodeResult: success, version: HTTP/1.1)
HTTP/1.1 200 OK
Content-Type: application/json; charset=utf-8
cache-control: no-cache
content-length: 50

01:14:26.205 [AsyncHttpClient-1-5] DEBUG org.asynchttpclient.netty.channel.ChannelManager - Adding key: http://localhost:58188 for channel [id: 0x3fddc6f3, L:/127.0.0.1:50130 - R:localhost/127.0.0.1:58188]
01:14:26.210 [Forwarding get on session 5ecaef6346576e55eb276cf20e97ec9e to remote] DEBUG org.asynchttpclient.netty.request.NettyRequestSender - Using pooled Channel '[id: 0x3fddc6f3, L:/127.0.0.1:50130 - R:localhost/127.0.0.1:58188]' for 'POST' to 'http://localhost:58188/session/5ecaef6346576e55eb276cf20e97ec9e/url'
01:14:26.210 [Forwarding get on session 5ecaef6346576e55eb276cf20e97ec9e to remote] DEBUG org.asynchttpclient.netty.request.NettyRequestSender - Using open Channel [id: 0x3fddc6f3, L:/127.0.0.1:50130 - R:localhost/127.0.0.1:58188] for POST '/session/5ecaef6346576e55eb276cf20e97ec9e/url'
01:14:27.017 [AsyncHttpClient-1-1] DEBUG org.asynchttpclient.netty.channel.DefaultChannelPool - Entry count for : http://localhost:50131 : 1
01:14:27.983 [AsyncHttpClient-1-5] DEBUG org.asynchttpclient.netty.handler.HttpHandler - 

Request DefaultHttpRequest(decodeResult: success, version: HTTP/1.1)
POST /session/5ecaef6346576e55eb276cf20e97ec9e/url HTTP/1.1
User-Agent: selenium/4.0.0 (java mac)
Content-Length: 56
Content-Type: application/json; charset=utf-8
host: localhost:58188
accept: */*

Response DefaultHttpResponse(decodeResult: success, version: HTTP/1.1)
HTTP/1.1 200 OK
Content-Type: application/json; charset=utf-8
cache-control: no-cache
content-length: 14

01:14:27.984 [AsyncHttpClient-1-5] DEBUG org.asynchttpclient.netty.channel.ChannelManager - Adding key: http://localhost:58188 for channel [id: 0x3fddc6f3, L:/127.0.0.1:50130 - R:localhost/127.0.0.1:58188]
01:14:27.989 [Forwarding findElement on session 5ecaef6346576e55eb276cf20e97ec9e to remote] DEBUG org.asynchttpclient.netty.request.NettyRequestSender - Using pooled Channel '[id: 0x3fddc6f3, L:/127.0.0.1:50130 - R:localhost/127.0.0.1:58188]' for 'POST' to 'http://localhost:58188/session/5ecaef6346576e55eb276cf20e97ec9e/element'
01:14:27.989 [Forwarding findElement on session 5ecaef6346576e55eb276cf20e97ec9e to remote] DEBUG org.asynchttpclient.netty.request.NettyRequestSender - Using open Channel [id: 0x3fddc6f3, L:/127.0.0.1:50130 - R:localhost/127.0.0.1:58188] for POST '/session/5ecaef6346576e55eb276cf20e97ec9e/element'
01:14:28.096 [AsyncHttpClient-1-5] DEBUG org.asynchttpclient.netty.handler.HttpHandler - 

Request DefaultHttpRequest(decodeResult: success, version: HTTP/1.1)
POST /session/5ecaef6346576e55eb276cf20e97ec9e/element HTTP/1.1
User-Agent: selenium/4.0.0 (java mac)
Content-Length: 56
Content-Type: application/json; charset=utf-8
host: localhost:58188
accept: */*

Response DefaultHttpResponse(decodeResult: success, version: HTTP/1.1)
HTTP/1.1 200 OK
Content-Type: application/json; charset=utf-8
cache-control: no-cache
content-length: 88

01:14:28.097 [AsyncHttpClient-1-5] DEBUG org.asynchttpclient.netty.channel.ChannelManager - Adding key: http://localhost:58188 for channel [id: 0x3fddc6f3, L:/127.0.0.1:50130 - R:localhost/127.0.0.1:58188]
01:14:28.102 [Forwarding sendKeysToElement on session 5ecaef6346576e55eb276cf20e97ec9e to remote] DEBUG org.asynchttpclient.netty.request.NettyRequestSender - Using pooled Channel '[id: 0x3fddc6f3, L:/127.0.0.1:50130 - R:localhost/127.0.0.1:58188]' for 'POST' to 'http://localhost:58188/session/5ecaef6346576e55eb276cf20e97ec9e/element/21b12bfa-5ec5-4754-b648-c60f656a7202/value'
01:14:28.102 [Forwarding sendKeysToElement on session 5ecaef6346576e55eb276cf20e97ec9e to remote] DEBUG org.asynchttpclient.netty.request.NettyRequestSender - Using open Channel [id: 0x3fddc6f3, L:/127.0.0.1:50130 - R:localhost/127.0.0.1:58188] for POST '/session/5ecaef6346576e55eb276cf20e97ec9e/element/21b12bfa-5ec5-4754-b648-c60f656a7202/value'
01:14:28.117 [AsyncHttpClient-1-1] DEBUG org.asynchttpclient.netty.channel.DefaultChannelPool - Entry count for : http://localhost:50131 : 1
01:14:28.810 [AsyncHttpClient-1-5] DEBUG org.asynchttpclient.netty.handler.HttpHandler - 

Request DefaultHttpRequest(decodeResult: success, version: HTTP/1.1)
POST /session/5ecaef6346576e55eb276cf20e97ec9e/element/21b12bfa-5ec5-4754-b648-c60f656a7202/value HTTP/1.1
User-Agent: selenium/4.0.0 (java mac)
Content-Length: 211
Content-Type: application/json; charset=utf-8
host: localhost:58188
accept: */*

Response DefaultHttpResponse(decodeResult: success, version: HTTP/1.1)
HTTP/1.1 200 OK
Content-Type: application/json; charset=utf-8
cache-control: no-cache
content-length: 14

01:14:28.811 [AsyncHttpClient-1-5] DEBUG org.asynchttpclient.netty.channel.ChannelManager - Adding key: http://localhost:58188 for channel [id: 0x3fddc6f3, L:/127.0.0.1:50130 - R:localhost/127.0.0.1:58188]
01:14:28.815 [Forwarding findElement on session 5ecaef6346576e55eb276cf20e97ec9e to remote] DEBUG org.asynchttpclient.netty.request.NettyRequestSender - Using pooled Channel '[id: 0x3fddc6f3, L:/127.0.0.1:50130 - R:localhost/127.0.0.1:58188]' for 'POST' to 'http://localhost:58188/session/5ecaef6346576e55eb276cf20e97ec9e/element'
01:14:28.815 [Forwarding findElement on session 5ecaef6346576e55eb276cf20e97ec9e to remote] DEBUG org.asynchttpclient.netty.request.NettyRequestSender - Using open Channel [id: 0x3fddc6f3, L:/127.0.0.1:50130 - R:localhost/127.0.0.1:58188] for POST '/session/5ecaef6346576e55eb276cf20e97ec9e/element'
01:14:28.843 [AsyncHttpClient-1-5] DEBUG org.asynchttpclient.netty.handler.HttpHandler - 

Request DefaultHttpRequest(decodeResult: success, version: HTTP/1.1)
POST /session/5ecaef6346576e55eb276cf20e97ec9e/element HTTP/1.1
User-Agent: selenium/4.0.0 (java mac)
Content-Length: 53
Content-Type: application/json; charset=utf-8
host: localhost:58188
accept: */*

Response DefaultHttpResponse(decodeResult: success, version: HTTP/1.1)
HTTP/1.1 200 OK
Content-Type: application/json; charset=utf-8
cache-control: no-cache
content-length: 88

01:14:28.843 [AsyncHttpClient-1-5] DEBUG org.asynchttpclient.netty.channel.ChannelManager - Adding key: http://localhost:58188 for channel [id: 0x3fddc6f3, L:/127.0.0.1:50130 - R:localhost/127.0.0.1:58188]
01:14:28.849 [Forwarding sendKeysToElement on session 5ecaef6346576e55eb276cf20e97ec9e to remote] DEBUG org.asynchttpclient.netty.request.NettyRequestSender - Using pooled Channel '[id: 0x3fddc6f3, L:/127.0.0.1:50130 - R:localhost/127.0.0.1:58188]' for 'POST' to 'http://localhost:58188/session/5ecaef6346576e55eb276cf20e97ec9e/element/9e75a22e-0e80-4d41-96f9-7b1bec2c1f9e/value'
01:14:28.849 [Forwarding sendKeysToElement on session 5ecaef6346576e55eb276cf20e97ec9e to remote] DEBUG org.asynchttpclient.netty.request.NettyRequestSender - Using open Channel [id: 0x3fddc6f3, L:/127.0.0.1:50130 - R:localhost/127.0.0.1:58188] for POST '/session/5ecaef6346576e55eb276cf20e97ec9e/element/9e75a22e-0e80-4d41-96f9-7b1bec2c1f9e/value'
01:14:29.222 [AsyncHttpClient-1-1] DEBUG org.asynchttpclient.netty.channel.DefaultChannelPool - Entry count for : http://localhost:50131 : 1
01:14:29.254 [AsyncHttpClient-1-5] DEBUG org.asynchttpclient.netty.handler.HttpHandler - 

Request DefaultHttpRequest(decodeResult: success, version: HTTP/1.1)
POST /session/5ecaef6346576e55eb276cf20e97ec9e/element/9e75a22e-0e80-4d41-96f9-7b1bec2c1f9e/value HTTP/1.1
User-Agent: selenium/4.0.0 (java mac)
Content-Length: 201
Content-Type: application/json; charset=utf-8
host: localhost:58188
accept: */*

Response DefaultHttpResponse(decodeResult: success, version: HTTP/1.1)
HTTP/1.1 200 OK
Content-Type: application/json; charset=utf-8
cache-control: no-cache
content-length: 14

01:14:29.255 [AsyncHttpClient-1-5] DEBUG org.asynchttpclient.netty.channel.ChannelManager - Adding key: http://localhost:58188 for channel [id: 0x3fddc6f3, L:/127.0.0.1:50130 - R:localhost/127.0.0.1:58188]
01:14:29.258 [Forwarding findElement on session 5ecaef6346576e55eb276cf20e97ec9e to remote] DEBUG org.asynchttpclient.netty.request.NettyRequestSender - Using pooled Channel '[id: 0x3fddc6f3, L:/127.0.0.1:50130 - R:localhost/127.0.0.1:58188]' for 'POST' to 'http://localhost:58188/session/5ecaef6346576e55eb276cf20e97ec9e/element'
01:14:29.258 [Forwarding findElement on session 5ecaef6346576e55eb276cf20e97ec9e to remote] DEBUG org.asynchttpclient.netty.request.NettyRequestSender - Using open Channel [id: 0x3fddc6f3, L:/127.0.0.1:50130 - R:localhost/127.0.0.1:58188] for POST '/session/5ecaef6346576e55eb276cf20e97ec9e/element'
01:14:29.312 [AsyncHttpClient-1-5] DEBUG org.asynchttpclient.netty.handler.HttpHandler - 

Request DefaultHttpRequest(decodeResult: success, version: HTTP/1.1)
POST /session/5ecaef6346576e55eb276cf20e97ec9e/element HTTP/1.1
User-Agent: selenium/4.0.0 (java mac)
Content-Length: 59
Content-Type: application/json; charset=utf-8
host: localhost:58188
accept: */*

Response DefaultHttpResponse(decodeResult: success, version: HTTP/1.1)
HTTP/1.1 200 OK
Content-Type: application/json; charset=utf-8
cache-control: no-cache
content-length: 88

01:14:29.313 [AsyncHttpClient-1-5] DEBUG org.asynchttpclient.netty.channel.ChannelManager - Adding key: http://localhost:58188 for channel [id: 0x3fddc6f3, L:/127.0.0.1:50130 - R:localhost/127.0.0.1:58188]
01:14:29.318 [Forwarding clickElement on session 5ecaef6346576e55eb276cf20e97ec9e to remote] DEBUG org.asynchttpclient.netty.request.NettyRequestSender - Using pooled Channel '[id: 0x3fddc6f3, L:/127.0.0.1:50130 - R:localhost/127.0.0.1:58188]' for 'POST' to 'http://localhost:58188/session/5ecaef6346576e55eb276cf20e97ec9e/element/1558e234-3b40-4cc3-86e6-15d1df85ffb5/click'
01:14:29.318 [Forwarding clickElement on session 5ecaef6346576e55eb276cf20e97ec9e to remote] DEBUG org.asynchttpclient.netty.request.NettyRequestSender - Using open Channel [id: 0x3fddc6f3, L:/127.0.0.1:50130 - R:localhost/127.0.0.1:58188] for POST '/session/5ecaef6346576e55eb276cf20e97ec9e/element/1558e234-3b40-4cc3-86e6-15d1df85ffb5/click'
01:14:29.837 [AsyncHttpClient-1-5] DEBUG org.asynchttpclient.netty.handler.HttpHandler - 

Request DefaultHttpRequest(decodeResult: success, version: HTTP/1.1)
POST /session/5ecaef6346576e55eb276cf20e97ec9e/element/1558e234-3b40-4cc3-86e6-15d1df85ffb5/click HTTP/1.1
User-Agent: selenium/4.0.0 (java mac)
Content-Length: 50
Content-Type: application/json; charset=utf-8
host: localhost:58188
accept: */*

Response DefaultHttpResponse(decodeResult: success, version: HTTP/1.1)
HTTP/1.1 200 OK
Content-Type: application/json; charset=utf-8
cache-control: no-cache
content-length: 14

01:14:29.837 [AsyncHttpClient-1-5] DEBUG org.asynchttpclient.netty.channel.ChannelManager - Adding key: http://localhost:58188 for channel [id: 0x3fddc6f3, L:/127.0.0.1:50130 - R:localhost/127.0.0.1:58188]
01:14:29.841 [Forwarding setTimeout on session 5ecaef6346576e55eb276cf20e97ec9e to remote] DEBUG org.asynchttpclient.netty.request.NettyRequestSender - Using pooled Channel '[id: 0x3fddc6f3, L:/127.0.0.1:50130 - R:localhost/127.0.0.1:58188]' for 'POST' to 'http://localhost:58188/session/5ecaef6346576e55eb276cf20e97ec9e/timeouts'
01:14:29.842 [Forwarding setTimeout on session 5ecaef6346576e55eb276cf20e97ec9e to remote] DEBUG org.asynchttpclient.netty.request.NettyRequestSender - Using open Channel [id: 0x3fddc6f3, L:/127.0.0.1:50130 - R:localhost/127.0.0.1:58188] for POST '/session/5ecaef6346576e55eb276cf20e97ec9e/timeouts'
01:14:29.844 [AsyncHttpClient-1-5] DEBUG org.asynchttpclient.netty.handler.HttpHandler - 

Request DefaultHttpRequest(decodeResult: success, version: HTTP/1.1)
POST /session/5ecaef6346576e55eb276cf20e97ec9e/timeouts HTTP/1.1
User-Agent: selenium/4.0.0 (java mac)
Content-Length: 22
Content-Type: application/json; charset=utf-8
host: localhost:58188
accept: */*

Response DefaultHttpResponse(decodeResult: success, version: HTTP/1.1)
HTTP/1.1 200 OK
Content-Type: application/json; charset=utf-8
cache-control: no-cache
content-length: 14

01:14:29.845 [AsyncHttpClient-1-5] DEBUG org.asynchttpclient.netty.channel.ChannelManager - Adding key: http://localhost:58188 for channel [id: 0x3fddc6f3, L:/127.0.0.1:50130 - R:localhost/127.0.0.1:58188]
01:14:29.850 [Forwarding findElement on session 5ecaef6346576e55eb276cf20e97ec9e to remote] DEBUG org.asynchttpclient.netty.request.NettyRequestSender - Using pooled Channel '[id: 0x3fddc6f3, L:/127.0.0.1:50130 - R:localhost/127.0.0.1:58188]' for 'POST' to 'http://localhost:58188/session/5ecaef6346576e55eb276cf20e97ec9e/element'
01:14:29.850 [Forwarding findElement on session 5ecaef6346576e55eb276cf20e97ec9e to remote] DEBUG org.asynchttpclient.netty.request.NettyRequestSender - Using open Channel [id: 0x3fddc6f3, L:/127.0.0.1:50130 - R:localhost/127.0.0.1:58188] for POST '/session/5ecaef6346576e55eb276cf20e97ec9e/element'
01:14:30.075 [AsyncHttpClient-1-5] DEBUG org.asynchttpclient.netty.handler.HttpHandler - 

Request DefaultHttpRequest(decodeResult: success, version: HTTP/1.1)
POST /session/5ecaef6346576e55eb276cf20e97ec9e/element HTTP/1.1
User-Agent: selenium/4.0.0 (java mac)
Content-Length: 86
Content-Type: application/json; charset=utf-8
host: localhost:58188
accept: */*

Response DefaultHttpResponse(decodeResult: success, version: HTTP/1.1)
HTTP/1.1 200 OK
Content-Type: application/json; charset=utf-8
cache-control: no-cache
content-length: 88

01:14:30.077 [AsyncHttpClient-1-5] DEBUG org.asynchttpclient.netty.channel.ChannelManager - Adding key: http://localhost:58188 for channel [id: 0x3fddc6f3, L:/127.0.0.1:50130 - R:localhost/127.0.0.1:58188]
01:14:30.083 [Forwarding clickElement on session 5ecaef6346576e55eb276cf20e97ec9e to remote] DEBUG org.asynchttpclient.netty.request.NettyRequestSender - Using pooled Channel '[id: 0x3fddc6f3, L:/127.0.0.1:50130 - R:localhost/127.0.0.1:58188]' for 'POST' to 'http://localhost:58188/session/5ecaef6346576e55eb276cf20e97ec9e/element/22bfa70b-b49d-4082-9d42-f0c642f1fe4e/click'
01:14:30.084 [Forwarding clickElement on session 5ecaef6346576e55eb276cf20e97ec9e to remote] DEBUG org.asynchttpclient.netty.request.NettyRequestSender - Using open Channel [id: 0x3fddc6f3, L:/127.0.0.1:50130 - R:localhost/127.0.0.1:58188] for POST '/session/5ecaef6346576e55eb276cf20e97ec9e/element/22bfa70b-b49d-4082-9d42-f0c642f1fe4e/click'
01:14:30.318 [AsyncHttpClient-1-1] DEBUG org.asynchttpclient.netty.channel.DefaultChannelPool - Entry count for : http://localhost:50131 : 1
01:14:30.319 [AsyncHttpClient-1-5] DEBUG org.asynchttpclient.netty.handler.HttpHandler - 

Request DefaultHttpRequest(decodeResult: success, version: HTTP/1.1)
POST /session/5ecaef6346576e55eb276cf20e97ec9e/element/22bfa70b-b49d-4082-9d42-f0c642f1fe4e/click HTTP/1.1
User-Agent: selenium/4.0.0 (java mac)
Content-Length: 50
Content-Type: application/json; charset=utf-8
host: localhost:58188
accept: */*

Response DefaultHttpResponse(decodeResult: success, version: HTTP/1.1)
HTTP/1.1 200 OK
Content-Type: application/json; charset=utf-8
cache-control: no-cache
content-length: 14

01:14:30.320 [AsyncHttpClient-1-5] DEBUG org.asynchttpclient.netty.channel.ChannelManager - Adding key: http://localhost:58188 for channel [id: 0x3fddc6f3, L:/127.0.0.1:50130 - R:localhost/127.0.0.1:58188]
01:14:30.329 [Forwarding findElement on session 5ecaef6346576e55eb276cf20e97ec9e to remote] DEBUG org.asynchttpclient.netty.request.NettyRequestSender - Using pooled Channel '[id: 0x3fddc6f3, L:/127.0.0.1:50130 - R:localhost/127.0.0.1:58188]' for 'POST' to 'http://localhost:58188/session/5ecaef6346576e55eb276cf20e97ec9e/element'
01:14:30.330 [Forwarding findElement on session 5ecaef6346576e55eb276cf20e97ec9e to remote] DEBUG org.asynchttpclient.netty.request.NettyRequestSender - Using open Channel [id: 0x3fddc6f3, L:/127.0.0.1:50130 - R:localhost/127.0.0.1:58188] for POST '/session/5ecaef6346576e55eb276cf20e97ec9e/element'
01:14:30.547 [AsyncHttpClient-1-5] DEBUG org.asynchttpclient.netty.handler.HttpHandler - 

Request DefaultHttpRequest(decodeResult: success, version: HTTP/1.1)
POST /session/5ecaef6346576e55eb276cf20e97ec9e/element HTTP/1.1
User-Agent: selenium/4.0.0 (java mac)
Content-Length: 94
Content-Type: application/json; charset=utf-8
host: localhost:58188
accept: */*

Response DefaultHttpResponse(decodeResult: success, version: HTTP/1.1)
HTTP/1.1 200 OK
Content-Type: application/json; charset=utf-8
cache-control: no-cache
content-length: 88

01:14:30.548 [AsyncHttpClient-1-5] DEBUG org.asynchttpclient.netty.channel.ChannelManager - Adding key: http://localhost:58188 for channel [id: 0x3fddc6f3, L:/127.0.0.1:50130 - R:localhost/127.0.0.1:58188]
01:14:30.552 [Forwarding clickElement on session 5ecaef6346576e55eb276cf20e97ec9e to remote] DEBUG org.asynchttpclient.netty.request.NettyRequestSender - Using pooled Channel '[id: 0x3fddc6f3, L:/127.0.0.1:50130 - R:localhost/127.0.0.1:58188]' for 'POST' to 'http://localhost:58188/session/5ecaef6346576e55eb276cf20e97ec9e/element/408918db-797a-4031-9ce2-c5f619936748/click'
01:14:30.552 [Forwarding clickElement on session 5ecaef6346576e55eb276cf20e97ec9e to remote] DEBUG org.asynchttpclient.netty.request.NettyRequestSender - Using open Channel [id: 0x3fddc6f3, L:/127.0.0.1:50130 - R:localhost/127.0.0.1:58188] for POST '/session/5ecaef6346576e55eb276cf20e97ec9e/element/408918db-797a-4031-9ce2-c5f619936748/click'
01:14:30.840 [AsyncHttpClient-1-5] DEBUG org.asynchttpclient.netty.handler.HttpHandler - 

Request DefaultHttpRequest(decodeResult: success, version: HTTP/1.1)
POST /session/5ecaef6346576e55eb276cf20e97ec9e/element/408918db-797a-4031-9ce2-c5f619936748/click HTTP/1.1
User-Agent: selenium/4.0.0 (java mac)
Content-Length: 50
Content-Type: application/json; charset=utf-8
host: localhost:58188
accept: */*

Response DefaultHttpResponse(decodeResult: success, version: HTTP/1.1)
HTTP/1.1 200 OK
Content-Type: application/json; charset=utf-8
cache-control: no-cache
content-length: 14

01:14:30.841 [AsyncHttpClient-1-5] DEBUG org.asynchttpclient.netty.channel.ChannelManager - Adding key: http://localhost:58188 for channel [id: 0x3fddc6f3, L:/127.0.0.1:50130 - R:localhost/127.0.0.1:58188]
01:14:30.848 [Forwarding findElement on session 5ecaef6346576e55eb276cf20e97ec9e to remote] DEBUG org.asynchttpclient.netty.request.NettyRequestSender - Using pooled Channel '[id: 0x3fddc6f3, L:/127.0.0.1:50130 - R:localhost/127.0.0.1:58188]' for 'POST' to 'http://localhost:58188/session/5ecaef6346576e55eb276cf20e97ec9e/element'
01:14:30.848 [Forwarding findElement on session 5ecaef6346576e55eb276cf20e97ec9e to remote] DEBUG org.asynchttpclient.netty.request.NettyRequestSender - Using open Channel [id: 0x3fddc6f3, L:/127.0.0.1:50130 - R:localhost/127.0.0.1:58188] for POST '/session/5ecaef6346576e55eb276cf20e97ec9e/element'
01:14:30.926 [AsyncHttpClient-1-5] DEBUG org.asynchttpclient.netty.handler.HttpHandler - 

Request DefaultHttpRequest(decodeResult: success, version: HTTP/1.1)
POST /session/5ecaef6346576e55eb276cf20e97ec9e/element HTTP/1.1
User-Agent: selenium/4.0.0 (java mac)
Content-Length: 91
Content-Type: application/json; charset=utf-8
host: localhost:58188
accept: */*

Response DefaultHttpResponse(decodeResult: success, version: HTTP/1.1)
HTTP/1.1 200 OK
Content-Type: application/json; charset=utf-8
cache-control: no-cache
content-length: 88

01:14:30.927 [AsyncHttpClient-1-5] DEBUG org.asynchttpclient.netty.channel.ChannelManager - Adding key: http://localhost:58188 for channel [id: 0x3fddc6f3, L:/127.0.0.1:50130 - R:localhost/127.0.0.1:58188]
01:14:30.931 [Forwarding clickElement on session 5ecaef6346576e55eb276cf20e97ec9e to remote] DEBUG org.asynchttpclient.netty.request.NettyRequestSender - Using pooled Channel '[id: 0x3fddc6f3, L:/127.0.0.1:50130 - R:localhost/127.0.0.1:58188]' for 'POST' to 'http://localhost:58188/session/5ecaef6346576e55eb276cf20e97ec9e/element/930b0cc6-7ee1-446f-99a1-528ce649e362/click'
01:14:30.931 [Forwarding clickElement on session 5ecaef6346576e55eb276cf20e97ec9e to remote] DEBUG org.asynchttpclient.netty.request.NettyRequestSender - Using open Channel [id: 0x3fddc6f3, L:/127.0.0.1:50130 - R:localhost/127.0.0.1:58188] for POST '/session/5ecaef6346576e55eb276cf20e97ec9e/element/930b0cc6-7ee1-446f-99a1-528ce649e362/click'
01:14:31.126 [AsyncHttpClient-1-5] DEBUG org.asynchttpclient.netty.handler.HttpHandler - 

Request DefaultHttpRequest(decodeResult: success, version: HTTP/1.1)
POST /session/5ecaef6346576e55eb276cf20e97ec9e/element/930b0cc6-7ee1-446f-99a1-528ce649e362/click HTTP/1.1
User-Agent: selenium/4.0.0 (java mac)
Content-Length: 50
Content-Type: application/json; charset=utf-8
host: localhost:58188
accept: */*

Response DefaultHttpResponse(decodeResult: success, version: HTTP/1.1)
HTTP/1.1 200 OK
Content-Type: application/json; charset=utf-8
cache-control: no-cache
content-length: 14

01:14:31.127 [AsyncHttpClient-1-5] DEBUG org.asynchttpclient.netty.channel.ChannelManager - Adding key: http://localhost:58188 for channel [id: 0x3fddc6f3, L:/127.0.0.1:50130 - R:localhost/127.0.0.1:58188]
01:14:31.133 [Forwarding findElement on session 5ecaef6346576e55eb276cf20e97ec9e to remote] DEBUG org.asynchttpclient.netty.request.NettyRequestSender - Using pooled Channel '[id: 0x3fddc6f3, L:/127.0.0.1:50130 - R:localhost/127.0.0.1:58188]' for 'POST' to 'http://localhost:58188/session/5ecaef6346576e55eb276cf20e97ec9e/element'
01:14:31.133 [Forwarding findElement on session 5ecaef6346576e55eb276cf20e97ec9e to remote] DEBUG org.asynchttpclient.netty.request.NettyRequestSender - Using open Channel [id: 0x3fddc6f3, L:/127.0.0.1:50130 - R:localhost/127.0.0.1:58188] for POST '/session/5ecaef6346576e55eb276cf20e97ec9e/element'
01:14:31.171 [AsyncHttpClient-1-5] DEBUG org.asynchttpclient.netty.handler.HttpHandler - 

Request DefaultHttpRequest(decodeResult: success, version: HTTP/1.1)
POST /session/5ecaef6346576e55eb276cf20e97ec9e/element HTTP/1.1
User-Agent: selenium/4.0.0 (java mac)
Content-Length: 53
Content-Type: application/json; charset=utf-8
host: localhost:58188
accept: */*

Response DefaultHttpResponse(decodeResult: success, version: HTTP/1.1)
HTTP/1.1 200 OK
Content-Type: application/json; charset=utf-8
cache-control: no-cache
content-length: 88

01:14:31.172 [AsyncHttpClient-1-5] DEBUG org.asynchttpclient.netty.channel.ChannelManager - Adding key: http://localhost:58188 for channel [id: 0x3fddc6f3, L:/127.0.0.1:50130 - R:localhost/127.0.0.1:58188]
01:14:31.176 [Forwarding clickElement on session 5ecaef6346576e55eb276cf20e97ec9e to remote] DEBUG org.asynchttpclient.netty.request.NettyRequestSender - Using pooled Channel '[id: 0x3fddc6f3, L:/127.0.0.1:50130 - R:localhost/127.0.0.1:58188]' for 'POST' to 'http://localhost:58188/session/5ecaef6346576e55eb276cf20e97ec9e/element/1cfd6877-429c-4af0-8daa-55d41e35dbe6/click'
01:14:31.177 [Forwarding clickElement on session 5ecaef6346576e55eb276cf20e97ec9e to remote] DEBUG org.asynchttpclient.netty.request.NettyRequestSender - Using open Channel [id: 0x3fddc6f3, L:/127.0.0.1:50130 - R:localhost/127.0.0.1:58188] for POST '/session/5ecaef6346576e55eb276cf20e97ec9e/element/1cfd6877-429c-4af0-8daa-55d41e35dbe6/click'
01:14:31.322 [AsyncHttpClient-1-5] DEBUG org.asynchttpclient.netty.handler.HttpHandler - 

Request DefaultHttpRequest(decodeResult: success, version: HTTP/1.1)
POST /session/5ecaef6346576e55eb276cf20e97ec9e/element/1cfd6877-429c-4af0-8daa-55d41e35dbe6/click HTTP/1.1
User-Agent: selenium/4.0.0 (java mac)
Content-Length: 50
Content-Type: application/json; charset=utf-8
host: localhost:58188
accept: */*

Response DefaultHttpResponse(decodeResult: success, version: HTTP/1.1)
HTTP/1.1 200 OK
Content-Type: application/json; charset=utf-8
cache-control: no-cache
content-length: 14

01:14:31.323 [AsyncHttpClient-1-5] DEBUG org.asynchttpclient.netty.channel.ChannelManager - Adding key: http://localhost:58188 for channel [id: 0x3fddc6f3, L:/127.0.0.1:50130 - R:localhost/127.0.0.1:58188]
01:14:31.327 [Forwarding findElement on session 5ecaef6346576e55eb276cf20e97ec9e to remote] DEBUG org.asynchttpclient.netty.request.NettyRequestSender - Using pooled Channel '[id: 0x3fddc6f3, L:/127.0.0.1:50130 - R:localhost/127.0.0.1:58188]' for 'POST' to 'http://localhost:58188/session/5ecaef6346576e55eb276cf20e97ec9e/element'
01:14:31.327 [Forwarding findElement on session 5ecaef6346576e55eb276cf20e97ec9e to remote] DEBUG org.asynchttpclient.netty.request.NettyRequestSender - Using open Channel [id: 0x3fddc6f3, L:/127.0.0.1:50130 - R:localhost/127.0.0.1:58188] for POST '/session/5ecaef6346576e55eb276cf20e97ec9e/element'
01:14:31.356 [AsyncHttpClient-1-5] DEBUG org.asynchttpclient.netty.handler.HttpHandler - 

Request DefaultHttpRequest(decodeResult: success, version: HTTP/1.1)
POST /session/5ecaef6346576e55eb276cf20e97ec9e/element HTTP/1.1
User-Agent: selenium/4.0.0 (java mac)
Content-Length: 99
Content-Type: application/json; charset=utf-8
host: localhost:58188
accept: */*

Response DefaultHttpResponse(decodeResult: success, version: HTTP/1.1)
HTTP/1.1 200 OK
Content-Type: application/json; charset=utf-8
cache-control: no-cache
content-length: 88

01:14:31.357 [AsyncHttpClient-1-5] DEBUG org.asynchttpclient.netty.channel.ChannelManager - Adding key: http://localhost:58188 for channel [id: 0x3fddc6f3, L:/127.0.0.1:50130 - R:localhost/127.0.0.1:58188]
01:14:31.360 [Forwarding getElementText on session 5ecaef6346576e55eb276cf20e97ec9e to remote] DEBUG org.asynchttpclient.netty.request.NettyRequestSender - Using pooled Channel '[id: 0x3fddc6f3, L:/127.0.0.1:50130 - R:localhost/127.0.0.1:58188]' for 'GET' to 'http://localhost:58188/session/5ecaef6346576e55eb276cf20e97ec9e/element/3eb726d1-0d49-4348-9b4a-762c4ef4c1cd/text'
01:14:31.360 [Forwarding getElementText on session 5ecaef6346576e55eb276cf20e97ec9e to remote] DEBUG org.asynchttpclient.netty.request.NettyRequestSender - Using open Channel [id: 0x3fddc6f3, L:/127.0.0.1:50130 - R:localhost/127.0.0.1:58188] for GET '/session/5ecaef6346576e55eb276cf20e97ec9e/element/3eb726d1-0d49-4348-9b4a-762c4ef4c1cd/text'
01:14:31.390 [AsyncHttpClient-1-5] DEBUG org.asynchttpclient.netty.handler.HttpHandler - 

Request DefaultFullHttpRequest(decodeResult: success, version: HTTP/1.1, content: EmptyByteBufBE)
GET /session/5ecaef6346576e55eb276cf20e97ec9e/element/3eb726d1-0d49-4348-9b4a-762c4ef4c1cd/text HTTP/1.1
User-Agent: selenium/4.0.0 (java mac)
Cache-Control: no-cache
Content-Type: application/json; charset=utf-8
host: localhost:58188
accept: */*

Response DefaultHttpResponse(decodeResult: success, version: HTTP/1.1)
HTTP/1.1 200 OK
Content-Type: application/json; charset=utf-8
cache-control: no-cache
content-length: 38

01:14:31.390 [AsyncHttpClient-1-5] DEBUG org.asynchttpclient.netty.channel.ChannelManager - Adding key: http://localhost:58188 for channel [id: 0x3fddc6f3, L:/127.0.0.1:50130 - R:localhost/127.0.0.1:58188]
]]></system-out>
    <system-err><![CDATA[Starting ChromeDriver 98.0.4758.102 (273bf7ac8c909cde36982d27f66f3c70846a3718-refs/branch-heads/4758@{#1151}) on port 58188
Only local connections are allowed.
Please see https://chromedriver.chromium.org/security-considerations for suggestions on keeping ChromeDriver safe.
ChromeDriver was started successfully.
февр. 27, 2022 1:14:25 AM org.openqa.selenium.remote.ProtocolHandshake createSession
INFO: Detected dialect: W3C
февр. 27, 2022 1:14:25 AM org.openqa.selenium.devtools.CdpVersionFinder findNearestMatch
WARNING: Unable to find an exact match for CDP version 98, so returning the closest version found: 95
февр. 27, 2022 1:14:25 AM org.openqa.selenium.devtools.CdpVersionFinder findNearestMatch
INFO: Found CDP implementation for version 98 of 95
]]></system-err>
  </testcase>
</testsuite>