<?xml version="1.0" encoding="UTF-8"?>
<testsuite xmlns:xsi="http://www.w3.org/2001/XMLSchema-instance" xsi:noNamespaceSchemaLocation="https://maven.apache.org/surefire/maven-surefire-plugin/xsd/surefire-test-report-3.0.xsd" version="3.0" name="ru.misskotik.MainPageTest" time="25.618" tests="2" errors="0" skipped="0" failures="0">
  <properties>
    <property name="java.specification.version" value="17"/>
    <property name="webdriver.chrome.driver" value="/Users/lally/.cache/selenium/chromedriver/mac64/98.0.4758.102/chromedriver"/>
    <property name="sun.jnu.encoding" value="UTF-8"/>
    <property name="java.class.path" value="/Users/lally/Desktop/HW/PageObjHW6/PageObjHW6/target/test-classes:/Users/lally/Desktop/HW/PageObjHW6/PageObjHW6/target/classes:/Users/lally/.m2/repository/org/junit/jupiter/junit-jupiter-engine/5.6.2/junit-jupiter-engine-5.6.2.jar:/Users/lally/.m2/repository/org/apiguardian/apiguardian-api/1.1.0/apiguardian-api-1.1.0.jar:/Users/lally/.m2/repository/org/junit/platform/junit-platform-engine/1.6.2/junit-platform-engine-1.6.2.jar:/Users/lally/.m2/repository/org/opentest4j/opentest4j/1.2.0/opentest4j-1.2.0.jar:/Users/lally/.m2/repository/org/junit/platform/junit-platform-commons/1.6.2/junit-platform-commons-1.6.2.jar:/Users/lally/.m2/repository/org/junit/jupiter/junit-jupiter-api/5.6.2/junit-jupiter-api-5.6.2.jar:/Users/lally/.m2/repository/org/junit/jupiter/junit-jupiter-params/5.6.2/junit-jupiter-params-5.6.2.jar:/Users/lally/.m2/repository/ch/qos/logback/logback-classic/1.2.3/logback-classic-1.2.3.jar:/Users/lally/.m2/repository/ch/qos/logback/logback-core/1.2.3/logback-core-1.2.3.jar:/Users/lally/.m2/repository/org/slf4j/slf4j-api/1.7.25/slf4j-api-1.7.25.jar:/Users/lally/.m2/repository/org/seleniumhq/selenium/selenium-java/4.0.0/selenium-java-4.0.0.jar:/Users/lally/.m2/repository/org/seleniumhq/selenium/selenium-api/4.0.0/selenium-api-4.0.0.jar:/Users/lally/.m2/repository/org/seleniumhq/selenium/selenium-chrome-driver/4.0.0/selenium-chrome-driver-4.0.0.jar:/Users/lally/.m2/repository/com/google/auto/service/auto-service-annotations/1.0/auto-service-annotations-1.0.jar:/Users/lally/.m2/repository/com/google/auto/service/auto-service/1.0/auto-service-1.0.jar:/Users/lally/.m2/repository/com/google/auto/auto-common/1.0/auto-common-1.0.jar:/Users/lally/.m2/repository/org/seleniumhq/selenium/selenium-chromium-driver/4.0.0/selenium-chromium-driver-4.0.0.jar:/Users/lally/.m2/repository/org/seleniumhq/selenium/selenium-json/4.0.0/selenium-json-4.0.0.jar:/Users/lally/.m2/repository/org/seleniumhq/selenium/selenium-devtools-v85/4.0.0/selenium-devtools-v85-4.0.0.jar:/Users/lally/.m2/repository/org/seleniumhq/selenium/selenium-devtools-v93/4.0.0/selenium-devtools-v93-4.0.0.jar:/Users/lally/.m2/repository/org/seleniumhq/selenium/selenium-devtools-v94/4.0.0/selenium-devtools-v94-4.0.0.jar:/Users/lally/.m2/repository/org/seleniumhq/selenium/selenium-devtools-v95/4.0.0/selenium-devtools-v95-4.0.0.jar:/Users/lally/.m2/repository/org/seleniumhq/selenium/selenium-edge-driver/4.0.0/selenium-edge-driver-4.0.0.jar:/Users/lally/.m2/repository/org/seleniumhq/selenium/selenium-firefox-driver/4.0.0/selenium-firefox-driver-4.0.0.jar:/Users/lally/.m2/repository/org/seleniumhq/selenium/selenium-firefox-xpi-driver/4.0.0/selenium-firefox-xpi-driver-4.0.0.jar:/Users/lally/.m2/repository/org/seleniumhq/selenium/selenium-ie-driver/4.0.0/selenium-ie-driver-4.0.0.jar:/Users/lally/.m2/repository/org/seleniumhq/selenium/selenium-opera-driver/4.0.0/selenium-opera-driver-4.0.0.jar:/Users/lally/.m2/repository/org/seleniumhq/selenium/selenium-remote-driver/4.0.0/selenium-remote-driver-4.0.0.jar:/Users/lally/.m2/repository/com/beust/jcommander/1.81/jcommander-1.81.jar:/Users/lally/.m2/repository/io/netty/netty-buffer/4.1.68.Final/netty-buffer-4.1.68.Final.jar:/Users/lally/.m2/repository/io/netty/netty-codec-http/4.1.67.Final/netty-codec-http-4.1.67.Final.jar:/Users/lally/.m2/repository/io/netty/netty-codec/4.1.67.Final/netty-codec-4.1.67.Final.jar:/Users/lally/.m2/repository/io/netty/netty-handler/4.1.67.Final/netty-handler-4.1.67.Final.jar:/Users/lally/.m2/repository/io/netty/netty-common/4.1.68.Final/netty-common-4.1.68.Final.jar:/Users/lally/.m2/repository/io/netty/netty-transport-native-epoll/4.1.67.Final/netty-transport-native-epoll-4.1.67.Final.jar:/Users/lally/.m2/repository/io/netty/netty-transport-native-kqueue/4.1.67.Final/netty-transport-native-kqueue-4.1.67.Final.jar:/Users/lally/.m2/repository/io/netty/netty-transport-native-unix-common/4.1.67.Final/netty-transport-native-unix-common-4.1.67.Final.jar:/Users/lally/.m2/repository/io/netty/netty-transport/4.1.68.Final/netty-transport-4.1.68.Final.jar:/Users/lally/.m2/repository/io/netty/netty-resolver/4.1.68.Final/netty-resolver-4.1.68.Final.jar:/Users/lally/.m2/repository/io/opentelemetry/opentelemetry-api/1.6.0/opentelemetry-api-1.6.0.jar:/Users/lally/.m2/repository/io/opentelemetry/opentelemetry-context/1.6.0/opentelemetry-context-1.6.0.jar:/Users/lally/.m2/repository/io/opentelemetry/opentelemetry-exporter-logging/1.6.0/opentelemetry-exporter-logging-1.6.0.jar:/Users/lally/.m2/repository/io/opentelemetry/opentelemetry-sdk-metrics/1.6.0-alpha/opentelemetry-sdk-metrics-1.6.0-alpha.jar:/Users/lally/.m2/repository/io/opentelemetry/opentelemetry-sdk-common/1.6.0/opentelemetry-sdk-common-1.6.0.jar:/Users/lally/.m2/repository/io/opentelemetry/opentelemetry-sdk-extension-autoconfigure-spi/1.6.0/opentelemetry-sdk-extension-autoconfigure-spi-1.6.0.jar:/Users/lally/.m2/repository/io/opentelemetry/opentelemetry-sdk-extension-autoconfigure/1.6.0-alpha/opentelemetry-sdk-extension-autoconfigure-1.6.0-alpha.jar:/Users/lally/.m2/repository/io/opentelemetry/opentelemetry-sdk-trace/1.6.0/opentelemetry-sdk-trace-1.6.0.jar:/Users/lally/.m2/repository/io/opentelemetry/opentelemetry-api-metrics/1.6.0-alpha/opentelemetry-api-metrics-1.6.0-alpha.jar:/Users/lally/.m2/repository/io/opentelemetry/opentelemetry-sdk/1.6.0/opentelemetry-sdk-1.6.0.jar:/Users/lally/.m2/repository/io/opentelemetry/opentelemetry-semconv/1.6.0-alpha/opentelemetry-semconv-1.6.0-alpha.jar:/Users/lally/.m2/repository/io/ous/jtoml/2.0.0/jtoml-2.0.0.jar:/Users/lally/.m2/repository/net/bytebuddy/byte-buddy/1.11.19/byte-buddy-1.11.19.jar:/Users/lally/.m2/repository/org/apache/commons/commons-exec/1.3/commons-exec-1.3.jar:/Users/lally/.m2/repository/org/asynchttpclient/async-http-client/2.12.3/async-http-client-2.12.3.jar:/Users/lally/.m2/repository/org/asynchttpclient/async-http-client-netty-utils/2.12.3/async-http-client-netty-utils-2.12.3.jar:/Users/lally/.m2/repository/io/netty/netty-codec-socks/4.1.60.Final/netty-codec-socks-4.1.60.Final.jar:/Users/lally/.m2/repository/io/netty/netty-handler-proxy/4.1.60.Final/netty-handler-proxy-4.1.60.Final.jar:/Users/lally/.m2/repository/io/netty/netty-transport-native-epoll/4.1.60.Final/netty-transport-native-epoll-4.1.60.Final-linux-x86_64.jar:/Users/lally/.m2/repository/io/netty/netty-transport-native-kqueue/4.1.60.Final/netty-transport-native-kqueue-4.1.60.Final-osx-x86_64.jar:/Users/lally/.m2/repository/org/reactivestreams/reactive-streams/1.0.3/reactive-streams-1.0.3.jar:/Users/lally/.m2/repository/com/typesafe/netty/netty-reactive-streams/2.0.4/netty-reactive-streams-2.0.4.jar:/Users/lally/.m2/repository/com/sun/activation/jakarta.activation/1.2.2/jakarta.activation-1.2.2.jar:/Users/lally/.m2/repository/org/seleniumhq/selenium/selenium-http/4.0.0/selenium-http-4.0.0.jar:/Users/lally/.m2/repository/org/seleniumhq/selenium/selenium-safari-driver/4.0.0/selenium-safari-driver-4.0.0.jar:/Users/lally/.m2/repository/org/seleniumhq/selenium/selenium-support/4.0.0/selenium-support-4.0.0.jar:/Users/lally/.m2/repository/io/github/bonigarcia/webdrivermanager/5.0.3/webdrivermanager-5.0.3.jar:/Users/lally/.m2/repository/com/google/code/gson/gson/2.8.8/gson-2.8.8.jar:/Users/lally/.m2/repository/org/jsoup/jsoup/1.14.2/jsoup-1.14.2.jar:/Users/lally/.m2/repository/com/github/docker-java/docker-java/3.2.12/docker-java-3.2.12.jar:/Users/lally/.m2/repository/com/github/docker-java/docker-java-core/3.2.12/docker-java-core-3.2.12.jar:/Users/lally/.m2/repository/com/github/docker-java/docker-java-api/3.2.12/docker-java-api-3.2.12.jar:/Users/lally/.m2/repository/com/fasterxml/jackson/core/jackson-annotations/2.10.3/jackson-annotations-2.10.3.jar:/Users/lally/.m2/repository/commons-io/commons-io/2.6/commons-io-2.6.jar:/Users/lally/.m2/repository/org/apache/commons/commons-compress/1.21/commons-compress-1.21.jar:/Users/lally/.m2/repository/commons-lang/commons-lang/2.6/commons-lang-2.6.jar:/Users/lally/.m2/repository/com/fasterxml/jackson/core/jackson-databind/2.10.3/jackson-databind-2.10.3.jar:/Users/lally/.m2/repository/com/fasterxml/jackson/core/jackson-core/2.10.3/jackson-core-2.10.3.jar:/Users/lally/.m2/repository/org/bouncycastle/bcpkix-jdk15on/1.64/bcpkix-jdk15on-1.64.jar:/Users/lally/.m2/repository/org/bouncycastle/bcprov-jdk15on/1.64/bcprov-jdk15on-1.64.jar:/Users/lally/.m2/repository/org/slf4j/jcl-over-slf4j/1.7.30/jcl-over-slf4j-1.7.30.jar:/Users/lally/.m2/repository/com/github/docker-java/docker-java-transport-httpclient5/3.2.12/docker-java-transport-httpclient5-3.2.12.jar:/Users/lally/.m2/repository/com/github/docker-java/docker-java-transport/3.2.12/docker-java-transport-3.2.12.jar:/Users/lally/.m2/repository/org/apache/httpcomponents/client5/httpclient5/5.0.3/httpclient5-5.0.3.jar:/Users/lally/.m2/repository/org/apache/httpcomponents/core5/httpcore5/5.0.2/httpcore5-5.0.2.jar:/Users/lally/.m2/repository/commons-codec/commons-codec/1.13/commons-codec-1.13.jar:/Users/lally/.m2/repository/net/java/dev/jna/jna/5.8.0/jna-5.8.0.jar:/Users/lally/.m2/repository/com/google/guava/guava/30.1.1-jre/guava-30.1.1-jre.jar:/Users/lally/.m2/repository/com/google/guava/failureaccess/1.0.1/failureaccess-1.0.1.jar:/Users/lally/.m2/repository/com/google/guava/listenablefuture/9999.0-empty-to-avoid-conflict-with-guava/listenablefuture-9999.0-empty-to-avoid-conflict-with-guava.jar:/Users/lally/.m2/repository/com/google/code/findbugs/jsr305/3.0.2/jsr305-3.0.2.jar:/Users/lally/.m2/repository/org/checkerframework/checker-qual/3.8.0/checker-qual-3.8.0.jar:/Users/lally/.m2/repository/com/google/errorprone/error_prone_annotations/2.5.1/error_prone_annotations-2.5.1.jar:/Users/lally/.m2/repository/com/google/j2objc/j2objc-annotations/1.3/j2objc-annotations-1.3.jar:/Users/lally/.m2/repository/org/brotli/dec/0.1.2/dec-0.1.2.jar:"/>
    <property name="java.vm.vendor" value="Oracle Corporation"/>
    <property name="sun.arch.data.model" value="64"/>
    <property name="java.vendor.url" value="https://java.oracle.com/"/>
    <property name="user.timezone" value="Europe/Moscow"/>
    <property name="os.name" value="Mac OS X"/>
    <property name="java.vm.specification.version" value="17"/>
    <property name="sun.java.launcher" value="SUN_STANDARD"/>
    <property name="user.country" value="RU"/>
    <property name="sun.boot.library.path" value="/Users/lally/Library/Java/JavaVirtualMachines/openjdk-17.0.1/Contents/Home/lib"/>
    <property name="sun.java.command" value="/Users/lally/Desktop/HW/PageObjHW6/PageObjHW6/target/surefire/surefirebooter8945285685300342961.jar /Users/lally/Desktop/HW/PageObjHW6/PageObjHW6/target/surefire 2022-02-27T01-13-50_242-jvmRun1 surefire14351504668773732768tmp surefire_09856160917614247217tmp"/>
    <property name="jdk.debug" value="release"/>
    <property name="surefire.test.class.path" value="/Users/lally/Desktop/HW/PageObjHW6/PageObjHW6/target/test-classes:/Users/lally/Desktop/HW/PageObjHW6/PageObjHW6/target/classes:/Users/lally/.m2/repository/org/junit/jupiter/junit-jupiter-engine/5.6.2/junit-jupiter-engine-5.6.2.jar:/Users/lally/.m2/repository/org/apiguardian/apiguardian-api/1.1.0/apiguardian-api-1.1.0.jar:/Users/lally/.m2/repository/org/junit/platform/junit-platform-engine/1.6.2/junit-platform-engine-1.6.2.jar:/Users/lally/.m2/repository/org/opentest4j/opentest4j/1.2.0/opentest4j-1.2.0.jar:/Users/lally/.m2/repository/org/junit/platform/junit-platform-commons/1.6.2/junit-platform-commons-1.6.2.jar:/Users/lally/.m2/repository/org/junit/jupiter/junit-jupiter-api/5.6.2/junit-jupiter-api-5.6.2.jar:/Users/lally/.m2/repository/org/junit/jupiter/junit-jupiter-params/5.6.2/junit-jupiter-params-5.6.2.jar:/Users/lally/.m2/repository/ch/qos/logback/logback-classic/1.2.3/logback-classic-1.2.3.jar:/Users/lally/.m2/repository/ch/qos/logback/logback-core/1.2.3/logback-core-1.2.3.jar:/Users/lally/.m2/repository/org/slf4j/slf4j-api/1.7.25/slf4j-api-1.7.25.jar:/Users/lally/.m2/repository/org/seleniumhq/selenium/selenium-java/4.0.0/selenium-java-4.0.0.jar:/Users/lally/.m2/repository/org/seleniumhq/selenium/selenium-api/4.0.0/selenium-api-4.0.0.jar:/Users/lally/.m2/repository/org/seleniumhq/selenium/selenium-chrome-driver/4.0.0/selenium-chrome-driver-4.0.0.jar:/Users/lally/.m2/repository/com/google/auto/service/auto-service-annotations/1.0/auto-service-annotations-1.0.jar:/Users/lally/.m2/repository/com/google/auto/service/auto-service/1.0/auto-service-1.0.jar:/Users/lally/.m2/repository/com/google/auto/auto-common/1.0/auto-common-1.0.jar:/Users/lally/.m2/repository/org/seleniumhq/selenium/selenium-chromium-driver/4.0.0/selenium-chromium-driver-4.0.0.jar:/Users/lally/.m2/repository/org/seleniumhq/selenium/selenium-json/4.0.0/selenium-json-4.0.0.jar:/Users/lally/.m2/repository/org/seleniumhq/selenium/selenium-devtools-v85/4.0.0/selenium-devtools-v85-4.0.0.jar:/Users/lally/.m2/repository/org/seleniumhq/selenium/selenium-devtools-v93/4.0.0/selenium-devtools-v93-4.0.0.jar:/Users/lally/.m2/repository/org/seleniumhq/selenium/selenium-devtools-v94/4.0.0/selenium-devtools-v94-4.0.0.jar:/Users/lally/.m2/repository/org/seleniumhq/selenium/selenium-devtools-v95/4.0.0/selenium-devtools-v95-4.0.0.jar:/Users/lally/.m2/repository/org/seleniumhq/selenium/selenium-edge-driver/4.0.0/selenium-edge-driver-4.0.0.jar:/Users/lally/.m2/repository/org/seleniumhq/selenium/selenium-firefox-driver/4.0.0/selenium-firefox-driver-4.0.0.jar:/Users/lally/.m2/repository/org/seleniumhq/selenium/selenium-firefox-xpi-driver/4.0.0/selenium-firefox-xpi-driver-4.0.0.jar:/Users/lally/.m2/repository/org/seleniumhq/selenium/selenium-ie-driver/4.0.0/selenium-ie-driver-4.0.0.jar:/Users/lally/.m2/repository/org/seleniumhq/selenium/selenium-opera-driver/4.0.0/selenium-opera-driver-4.0.0.jar:/Users/lally/.m2/repository/org/seleniumhq/selenium/selenium-remote-driver/4.0.0/selenium-remote-driver-4.0.0.jar:/Users/lally/.m2/repository/com/beust/jcommander/1.81/jcommander-1.81.jar:/Users/lally/.m2/repository/io/netty/netty-buffer/4.1.68.Final/netty-buffer-4.1.68.Final.jar:/Users/lally/.m2/repository/io/netty/netty-codec-http/4.1.67.Final/netty-codec-http-4.1.67.Final.jar:/Users/lally/.m2/repository/io/netty/netty-codec/4.1.67.Final/netty-codec-4.1.67.Final.jar:/Users/lally/.m2/repository/io/netty/netty-handler/4.1.67.Final/netty-handler-4.1.67.Final.jar:/Users/lally/.m2/repository/io/netty/netty-common/4.1.68.Final/netty-common-4.1.68.Final.jar:/Users/lally/.m2/repository/io/netty/netty-transport-native-epoll/4.1.67.Final/netty-transport-native-epoll-4.1.67.Final.jar:/Users/lally/.m2/repository/io/netty/netty-transport-native-kqueue/4.1.67.Final/netty-transport-native-kqueue-4.1.67.Final.jar:/Users/lally/.m2/repository/io/netty/netty-transport-native-unix-common/4.1.67.Final/netty-transport-native-unix-common-4.1.67.Final.jar:/Users/lally/.m2/repository/io/netty/netty-transport/4.1.68.Final/netty-transport-4.1.68.Final.jar:/Users/lally/.m2/repository/io/netty/netty-resolver/4.1.68.Final/netty-resolver-4.1.68.Final.jar:/Users/lally/.m2/repository/io/opentelemetry/opentelemetry-api/1.6.0/opentelemetry-api-1.6.0.jar:/Users/lally/.m2/repository/io/opentelemetry/opentelemetry-context/1.6.0/opentelemetry-context-1.6.0.jar:/Users/lally/.m2/repository/io/opentelemetry/opentelemetry-exporter-logging/1.6.0/opentelemetry-exporter-logging-1.6.0.jar:/Users/lally/.m2/repository/io/opentelemetry/opentelemetry-sdk-metrics/1.6.0-alpha/opentelemetry-sdk-metrics-1.6.0-alpha.jar:/Users/lally/.m2/repository/io/opentelemetry/opentelemetry-sdk-common/1.6.0/opentelemetry-sdk-common-1.6.0.jar:/Users/lally/.m2/repository/io/opentelemetry/opentelemetry-sdk-extension-autoconfigure-spi/1.6.0/opentelemetry-sdk-extension-autoconfigure-spi-1.6.0.jar:/Users/lally/.m2/repository/io/opentelemetry/opentelemetry-sdk-extension-autoconfigure/1.6.0-alpha/opentelemetry-sdk-extension-autoconfigure-1.6.0-alpha.jar:/Users/lally/.m2/repository/io/opentelemetry/opentelemetry-sdk-trace/1.6.0/opentelemetry-sdk-trace-1.6.0.jar:/Users/lally/.m2/repository/io/opentelemetry/opentelemetry-api-metrics/1.6.0-alpha/opentelemetry-api-metrics-1.6.0-alpha.jar:/Users/lally/.m2/repository/io/opentelemetry/opentelemetry-sdk/1.6.0/opentelemetry-sdk-1.6.0.jar:/Users/lally/.m2/repository/io/opentelemetry/opentelemetry-semconv/1.6.0-alpha/opentelemetry-semconv-1.6.0-alpha.jar:/Users/lally/.m2/repository/io/ous/jtoml/2.0.0/jtoml-2.0.0.jar:/Users/lally/.m2/repository/net/bytebuddy/byte-buddy/1.11.19/byte-buddy-1.11.19.jar:/Users/lally/.m2/repository/org/apache/commons/commons-exec/1.3/commons-exec-1.3.jar:/Users/lally/.m2/repository/org/asynchttpclient/async-http-client/2.12.3/async-http-client-2.12.3.jar:/Users/lally/.m2/repository/org/asynchttpclient/async-http-client-netty-utils/2.12.3/async-http-client-netty-utils-2.12.3.jar:/Users/lally/.m2/repository/io/netty/netty-codec-socks/4.1.60.Final/netty-codec-socks-4.1.60.Final.jar:/Users/lally/.m2/repository/io/netty/netty-handler-proxy/4.1.60.Final/netty-handler-proxy-4.1.60.Final.jar:/Users/lally/.m2/repository/io/netty/netty-transport-native-epoll/4.1.60.Final/netty-transport-native-epoll-4.1.60.Final-linux-x86_64.jar:/Users/lally/.m2/repository/io/netty/netty-transport-native-kqueue/4.1.60.Final/netty-transport-native-kqueue-4.1.60.Final-osx-x86_64.jar:/Users/lally/.m2/repository/org/reactivestreams/reactive-streams/1.0.3/reactive-streams-1.0.3.jar:/Users/lally/.m2/repository/com/typesafe/netty/netty-reactive-streams/2.0.4/netty-reactive-streams-2.0.4.jar:/Users/lally/.m2/repository/com/sun/activation/jakarta.activation/1.2.2/jakarta.activation-1.2.2.jar:/Users/lally/.m2/repository/org/seleniumhq/selenium/selenium-http/4.0.0/selenium-http-4.0.0.jar:/Users/lally/.m2/repository/org/seleniumhq/selenium/selenium-safari-driver/4.0.0/selenium-safari-driver-4.0.0.jar:/Users/lally/.m2/repository/org/seleniumhq/selenium/selenium-support/4.0.0/selenium-support-4.0.0.jar:/Users/lally/.m2/repository/io/github/bonigarcia/webdrivermanager/5.0.3/webdrivermanager-5.0.3.jar:/Users/lally/.m2/repository/com/google/code/gson/gson/2.8.8/gson-2.8.8.jar:/Users/lally/.m2/repository/org/jsoup/jsoup/1.14.2/jsoup-1.14.2.jar:/Users/lally/.m2/repository/com/github/docker-java/docker-java/3.2.12/docker-java-3.2.12.jar:/Users/lally/.m2/repository/com/github/docker-java/docker-java-core/3.2.12/docker-java-core-3.2.12.jar:/Users/lally/.m2/repository/com/github/docker-java/docker-java-api/3.2.12/docker-java-api-3.2.12.jar:/Users/lally/.m2/repository/com/fasterxml/jackson/core/jackson-annotations/2.10.3/jackson-annotations-2.10.3.jar:/Users/lally/.m2/repository/commons-io/commons-io/2.6/commons-io-2.6.jar:/Users/lally/.m2/repository/org/apache/commons/commons-compress/1.21/commons-compress-1.21.jar:/Users/lally/.m2/repository/commons-lang/commons-lang/2.6/commons-lang-2.6.jar:/Users/lally/.m2/repository/com/fasterxml/jackson/core/jackson-databind/2.10.3/jackson-databind-2.10.3.jar:/Users/lally/.m2/repository/com/fasterxml/jackson/core/jackson-core/2.10.3/jackson-core-2.10.3.jar:/Users/lally/.m2/repository/org/bouncycastle/bcpkix-jdk15on/1.64/bcpkix-jdk15on-1.64.jar:/Users/lally/.m2/repository/org/bouncycastle/bcprov-jdk15on/1.64/bcprov-jdk15on-1.64.jar:/Users/lally/.m2/repository/org/slf4j/jcl-over-slf4j/1.7.30/jcl-over-slf4j-1.7.30.jar:/Users/lally/.m2/repository/com/github/docker-java/docker-java-transport-httpclient5/3.2.12/docker-java-transport-httpclient5-3.2.12.jar:/Users/lally/.m2/repository/com/github/docker-java/docker-java-transport/3.2.12/docker-java-transport-3.2.12.jar:/Users/lally/.m2/repository/org/apache/httpcomponents/client5/httpclient5/5.0.3/httpclient5-5.0.3.jar:/Users/lally/.m2/repository/org/apache/httpcomponents/core5/httpcore5/5.0.2/httpcore5-5.0.2.jar:/Users/lally/.m2/repository/commons-codec/commons-codec/1.13/commons-codec-1.13.jar:/Users/lally/.m2/repository/net/java/dev/jna/jna/5.8.0/jna-5.8.0.jar:/Users/lally/.m2/repository/com/google/guava/guava/30.1.1-jre/guava-30.1.1-jre.jar:/Users/lally/.m2/repository/com/google/guava/failureaccess/1.0.1/failureaccess-1.0.1.jar:/Users/lally/.m2/repository/com/google/guava/listenablefuture/9999.0-empty-to-avoid-conflict-with-guava/listenablefuture-9999.0-empty-to-avoid-conflict-with-guava.jar:/Users/lally/.m2/repository/com/google/code/findbugs/jsr305/3.0.2/jsr305-3.0.2.jar:/Users/lally/.m2/repository/org/checkerframework/checker-qual/3.8.0/checker-qual-3.8.0.jar:/Users/lally/.m2/repository/com/google/errorprone/error_prone_annotations/2.5.1/error_prone_annotations-2.5.1.jar:/Users/lally/.m2/repository/com/google/j2objc/j2objc-annotations/1.3/j2objc-annotations-1.3.jar:/Users/lally/.m2/repository/org/brotli/dec/0.1.2/dec-0.1.2.jar:"/>
    <property name="sun.cpu.endian" value="little"/>
    <property name="user.home" value="/Users/lally"/>
    <property name="user.language" value="ru"/>
    <property name="java.specification.vendor" value="Oracle Corporation"/>
    <property name="java.version.date" value="2021-10-19"/>
    <property name="java.home" value="/Users/lally/Library/Java/JavaVirtualMachines/openjdk-17.0.1/Contents/Home"/>
    <property name="file.separator" value="/"/>
    <property name="basedir" value="/Users/lally/Desktop/HW/PageObjHW6/PageObjHW6"/>
    <property name="java.vm.compressedOopsMode" value="Zero based"/>
    <property name="line.separator" value="&#10;"/>
    <property name="java.specification.name" value="Java Platform API Specification"/>
    <property name="java.vm.specification.vendor" value="Oracle Corporation"/>
    <property name="surefire.real.class.path" value="/Users/lally/Desktop/HW/PageObjHW6/PageObjHW6/target/surefire/surefirebooter8945285685300342961.jar"/>
    <property name="sun.management.compiler" value="HotSpot 64-Bit Tiered Compilers"/>
    <property name="java.runtime.version" value="17.0.1+12-39"/>
    <property name="user.name" value="lally"/>
    <property name="path.separator" value=":"/>
    <property name="os.version" value="11.6"/>
    <property name="java.runtime.name" value="OpenJDK Runtime Environment"/>
    <property name="file.encoding" value="UTF-8"/>
    <property name="sun.nio.ch.bugLevel" value=""/>
    <property name="java.vm.name" value="OpenJDK 64-Bit Server VM"/>
    <property name="localRepository" value="/Users/lally/.m2/repository"/>
    <property name="java.vendor.url.bug" value="https://bugreport.java.com/bugreport/"/>
    <property name="java.io.tmpdir" value="/var/folders/r3/m6r6c5ks2hl9s122d6lf3zbh0000gn/T/"/>
    <property name="idea.version" value="2021.1"/>
    <property name="java.version" value="17.0.1"/>
    <property name="user.dir" value="/Users/lally/Desktop/HW/PageObjHW6/PageObjHW6"/>
    <property name="os.arch" value="x86_64"/>
    <property name="java.vm.specification.name" value="Java Virtual Machine Specification"/>
    <property name="native.encoding" value="UTF-8"/>
    <property name="java.library.path" value="/Users/lally/Library/Java/Extensions:/Library/Java/Extensions:/Network/Library/Java/Extensions:/System/Library/Java/Extensions:/usr/lib/java:."/>
    <property name="java.vm.info" value="mixed mode, sharing"/>
    <property name="java.vendor" value="Oracle Corporation"/>
    <property name="java.vm.version" value="17.0.1+12-39"/>
    <property name="sun.io.unicode.encoding" value="UnicodeBig"/>
    <property name="java.class.version" value="61.0"/>
  </properties>
  <testcase name="continueShoppingTest" classname="ru.misskotik.MainPageTest" time="6.445">
    <system-out><![CDATA[01:13:55.471 [main] DEBUG io.github.bonigarcia.wdm.cache.ResolutionCache - Resolution chrome=98 in cache (valid until 02:09:51 27/02/2022 MSK)
01:13:55.482 [main] DEBUG io.github.bonigarcia.wdm.cache.ResolutionCache - Resolution chrome98=98.0.4758.102 in cache (valid until 15:28:02 27/02/2022 MSK)
01:13:55.484 [main] INFO io.github.bonigarcia.wdm.WebDriverManager - Using chromedriver 98.0.4758.102 (resolved driver for Chrome 98)
01:13:55.539 [main] DEBUG io.github.bonigarcia.wdm.WebDriverManager - Driver chromedriver 98.0.4758.102 found in cache
01:13:55.542 [main] INFO io.github.bonigarcia.wdm.WebDriverManager - Exporting webdriver.chrome.driver as /Users/lally/.cache/selenium/chromedriver/mac64/98.0.4758.102/chromedriver
01:13:55.876 [main] DEBUG io.netty.util.internal.logging.InternalLoggerFactory - Using SLF4J as the default logging framework
01:13:55.886 [main] DEBUG io.netty.util.ResourceLeakDetector - -Dio.netty.leakDetection.level: simple
01:13:55.886 [main] DEBUG io.netty.util.ResourceLeakDetector - -Dio.netty.leakDetection.targetRecords: 4
01:13:55.895 [main] DEBUG io.netty.util.ResourceLeakDetectorFactory - Loaded default ResourceLeakDetector: io.netty.util.ResourceLeakDetector@3016fd5e
01:13:55.950 [main] DEBUG io.netty.util.internal.PlatformDependent0 - -Dio.netty.noUnsafe: false
01:13:55.950 [main] DEBUG io.netty.util.internal.PlatformDependent0 - Java version: 17
01:13:55.954 [main] DEBUG io.netty.util.internal.PlatformDependent0 - sun.misc.Unsafe.theUnsafe: available
01:13:55.956 [main] DEBUG io.netty.util.internal.PlatformDependent0 - sun.misc.Unsafe.copyMemory: available
01:13:55.957 [main] DEBUG io.netty.util.internal.PlatformDependent0 - java.nio.Buffer.address: available
01:13:55.959 [main] DEBUG io.netty.util.internal.PlatformDependent0 - direct buffer constructor: unavailable: Reflective setAccessible(true) disabled
01:13:55.961 [main] DEBUG io.netty.util.internal.PlatformDependent0 - java.nio.Bits.unaligned: available, true
01:13:55.965 [main] DEBUG io.netty.util.internal.PlatformDependent0 - jdk.internal.misc.Unsafe.allocateUninitializedArray(int): unavailable: class io.netty.util.internal.PlatformDependent0$6 cannot access class jdk.internal.misc.Unsafe (in module java.base) because module java.base does not export jdk.internal.misc to unnamed module @49b70bc7
01:13:55.968 [main] DEBUG io.netty.util.internal.PlatformDependent0 - java.nio.DirectByteBuffer.<init>(long, int): unavailable
01:13:55.968 [main] DEBUG io.netty.util.internal.PlatformDependent - sun.misc.Unsafe: available
01:13:55.971 [main] DEBUG io.netty.util.internal.PlatformDependent - maxDirectMemory: 1073741824 bytes (maybe)
01:13:55.972 [main] DEBUG io.netty.util.internal.PlatformDependent - -Dio.netty.tmpdir: /var/folders/r3/m6r6c5ks2hl9s122d6lf3zbh0000gn/T (java.io.tmpdir)
01:13:55.973 [main] DEBUG io.netty.util.internal.PlatformDependent - -Dio.netty.bitMode: 64 (sun.arch.data.model)
01:13:55.974 [main] DEBUG io.netty.util.internal.PlatformDependent - Platform: MacOS
01:13:55.976 [main] DEBUG io.netty.util.internal.PlatformDependent - -Dio.netty.maxDirectMemory: -1 bytes
01:13:55.976 [main] DEBUG io.netty.util.internal.PlatformDependent - -Dio.netty.uninitializedArrayAllocationThreshold: -1
01:13:55.978 [main] DEBUG io.netty.util.internal.CleanerJava9 - java.nio.ByteBuffer.cleaner(): available
01:13:55.979 [main] DEBUG io.netty.util.internal.PlatformDependent - -Dio.netty.noPreferDirect: false
01:13:56.001 [main] DEBUG io.netty.util.internal.PlatformDependent - org.jctools-core.MpscChunkedArrayQueue: available
01:13:56.082 [main] DEBUG io.netty.util.internal.InternalThreadLocalMap - -Dio.netty.threadLocalMap.stringBuilder.initialSize: 1024
01:13:56.084 [main] DEBUG io.netty.util.internal.InternalThreadLocalMap - -Dio.netty.threadLocalMap.stringBuilder.maxSize: 4096
01:13:56.212 [main] DEBUG io.netty.handler.ssl.JdkSslContext - Default protocols (JDK): [TLSv1.3, TLSv1.2] 
01:13:56.212 [main] DEBUG io.netty.handler.ssl.JdkSslContext - Default cipher suites (JDK): [TLS_ECDHE_ECDSA_WITH_AES_256_GCM_SHA384, TLS_ECDHE_ECDSA_WITH_AES_128_GCM_SHA256, TLS_ECDHE_RSA_WITH_AES_128_GCM_SHA256, TLS_ECDHE_RSA_WITH_AES_256_GCM_SHA384, TLS_ECDHE_RSA_WITH_AES_128_CBC_SHA, TLS_ECDHE_RSA_WITH_AES_256_CBC_SHA, TLS_RSA_WITH_AES_128_GCM_SHA256, TLS_RSA_WITH_AES_128_CBC_SHA, TLS_RSA_WITH_AES_256_CBC_SHA, TLS_AES_128_GCM_SHA256, TLS_AES_256_GCM_SHA384]
01:13:56.289 [main] DEBUG io.netty.channel.MultithreadEventLoopGroup - -Dio.netty.eventLoopThreads: 8
01:13:56.322 [main] DEBUG io.netty.channel.nio.NioEventLoop - -Dio.netty.noKeySetOptimization: false
01:13:56.323 [main] DEBUG io.netty.channel.nio.NioEventLoop - -Dio.netty.selectorAutoRebuildThreshold: 512
01:13:56.421 [main] DEBUG io.netty.buffer.PooledByteBufAllocator - -Dio.netty.allocator.numHeapArenas: 8
01:13:56.421 [main] DEBUG io.netty.buffer.PooledByteBufAllocator - -Dio.netty.allocator.numDirectArenas: 8
01:13:56.421 [main] DEBUG io.netty.buffer.PooledByteBufAllocator - -Dio.netty.allocator.pageSize: 8192
01:13:56.421 [main] DEBUG io.netty.buffer.PooledByteBufAllocator - -Dio.netty.allocator.maxOrder: 11
01:13:56.421 [main] DEBUG io.netty.buffer.PooledByteBufAllocator - -Dio.netty.allocator.chunkSize: 16777216
01:13:56.421 [main] DEBUG io.netty.buffer.PooledByteBufAllocator - -Dio.netty.allocator.smallCacheSize: 256
01:13:56.421 [main] DEBUG io.netty.buffer.PooledByteBufAllocator - -Dio.netty.allocator.normalCacheSize: 64
01:13:56.421 [main] DEBUG io.netty.buffer.PooledByteBufAllocator - -Dio.netty.allocator.maxCachedBufferCapacity: 32768
01:13:56.422 [main] DEBUG io.netty.buffer.PooledByteBufAllocator - -Dio.netty.allocator.cacheTrimInterval: 8192
01:13:56.422 [main] DEBUG io.netty.buffer.PooledByteBufAllocator - -Dio.netty.allocator.cacheTrimIntervalMillis: 0
01:13:56.422 [main] DEBUG io.netty.buffer.PooledByteBufAllocator - -Dio.netty.allocator.useCacheForAllThreads: true
01:13:56.422 [main] DEBUG io.netty.buffer.PooledByteBufAllocator - -Dio.netty.allocator.maxCachedByteBuffersPerChunk: 1023
01:13:56.446 [main] DEBUG io.netty.buffer.ByteBufUtil - -Dio.netty.allocator.type: pooled
01:13:56.446 [main] DEBUG io.netty.buffer.ByteBufUtil - -Dio.netty.threadLocalDirectBufferSize: 0
01:13:56.446 [main] DEBUG io.netty.buffer.ByteBufUtil - -Dio.netty.maxThreadLocalCharBufferSize: 16384
01:14:02.534 [Forwarding newSession on session null to remote] DEBUG io.netty.channel.DefaultChannelId - -Dio.netty.processId: 5098 (auto-detected)
01:14:02.547 [Forwarding newSession on session null to remote] DEBUG io.netty.util.NetUtil - -Djava.net.preferIPv4Stack: false
01:14:02.547 [Forwarding newSession on session null to remote] DEBUG io.netty.util.NetUtil - -Djava.net.preferIPv6Addresses: false
01:14:02.555 [Forwarding newSession on session null to remote] DEBUG io.netty.util.NetUtilInitializations - Loopback interface: lo0 (lo0, 0:0:0:0:0:0:0:1%lo0)
01:14:02.557 [Forwarding newSession on session null to remote] DEBUG io.netty.util.NetUtil - Failed to get SOMAXCONN from sysctl and file /proc/sys/net/core/somaxconn. Default: 128
01:14:02.563 [Forwarding newSession on session null to remote] DEBUG io.netty.channel.DefaultChannelId - -Dio.netty.machineId: d0:e1:40:ff:fe:98:6f:ac (auto-detected)
01:14:02.654 [AsyncHttpClient-1-2] DEBUG io.netty.buffer.AbstractByteBuf - -Dio.netty.buffer.checkAccessible: true
01:14:02.654 [AsyncHttpClient-1-2] DEBUG io.netty.buffer.AbstractByteBuf - -Dio.netty.buffer.checkBounds: true
01:14:02.654 [AsyncHttpClient-1-2] DEBUG io.netty.util.ResourceLeakDetectorFactory - Loaded default ResourceLeakDetector: io.netty.util.ResourceLeakDetector@378a43ee
01:14:02.684 [AsyncHttpClient-1-2] DEBUG org.asynchttpclient.netty.channel.NettyConnectListener - Using new Channel '[id: 0xa572475c, L:/127.0.0.1:50113 - R:localhost/127.0.0.1:63161]' for 'POST' to '/session'
01:14:02.728 [AsyncHttpClient-1-2] DEBUG io.netty.util.Recycler - -Dio.netty.recycler.maxCapacityPerThread: 4096
01:14:02.729 [AsyncHttpClient-1-2] DEBUG io.netty.util.Recycler - -Dio.netty.recycler.maxSharedCapacityFactor: 2
01:14:02.729 [AsyncHttpClient-1-2] DEBUG io.netty.util.Recycler - -Dio.netty.recycler.linkCapacity: 16
01:14:02.729 [AsyncHttpClient-1-2] DEBUG io.netty.util.Recycler - -Dio.netty.recycler.ratio: 8
01:14:02.729 [AsyncHttpClient-1-2] DEBUG io.netty.util.Recycler - -Dio.netty.recycler.delayedQueue.ratio: 8
01:14:08.807 [AsyncHttpClient-1-2] DEBUG io.netty.handler.codec.compression.Brotli - brotli4j not in the classpath; Brotli support will be unavailable.
01:14:08.807 [AsyncHttpClient-1-2] DEBUG org.asynchttpclient.netty.handler.HttpHandler - 

Request DefaultHttpRequest(decodeResult: success, version: HTTP/1.1)
POST /session HTTP/1.1
User-Agent: selenium/4.0.0 (java mac)
Content-Length: 543
Content-Type: application/json; charset=utf-8
host: localhost:63161
accept: */*

Response DefaultHttpResponse(decodeResult: success, version: HTTP/1.1)
HTTP/1.1 200 OK
Content-Type: application/json; charset=utf-8
cache-control: no-cache
content-length: 800

01:14:08.822 [AsyncHttpClient-1-2] DEBUG org.asynchttpclient.netty.channel.ChannelManager - Adding key: http://localhost:63161 for channel [id: 0xa572475c, L:/127.0.0.1:50113 - R:localhost/127.0.0.1:63161]
01:14:09.417 [AsyncHttpClient-1-1] DEBUG org.asynchttpclient.netty.channel.DefaultChannelPool - Entry count for : http://localhost:63161 : 1
01:14:09.619 [AsyncHttpClient-1-3] DEBUG org.asynchttpclient.netty.channel.NettyConnectListener - Using new Channel '[id: 0x3a92fd00, L:/127.0.0.1:50119 - R:localhost/127.0.0.1:50114]' for 'GET' to '/json/version'
01:14:09.642 [AsyncHttpClient-1-3] DEBUG org.asynchttpclient.netty.handler.HttpHandler - 

Request DefaultFullHttpRequest(decodeResult: success, version: HTTP/1.1, content: EmptyByteBufBE)
GET /json/version HTTP/1.1
User-Agent: selenium/4.0.0 (java mac)
host: localhost:50114
accept: */*

Response DefaultHttpResponse(decodeResult: success, version: HTTP/1.1)
HTTP/1.1 200 OK
Content-Type: application/json; charset=UTF-8
content-length: 424

01:14:09.643 [AsyncHttpClient-1-3] DEBUG org.asynchttpclient.netty.channel.ChannelManager - Adding key: http://localhost:50114 for channel [id: 0x3a92fd00, L:/127.0.0.1:50119 - R:localhost/127.0.0.1:50114]
01:14:09.668 [main] DEBUG io.netty.util.internal.ThreadLocalRandom - -Dio.netty.initialSeedUniquifier: 0x820dfa3a1b09246a
01:14:09.678 [AsyncHttpClient-1-4] DEBUG org.asynchttpclient.netty.channel.NettyConnectListener - Using new Channel '[id: 0x0433e4bb, L:/127.0.0.1:50120 - R:localhost/127.0.0.1:50114]' for 'GET' to '/devtools/browser/d09eb07f-dbb1-4636-9ce3-499ebd0aac1a'
01:14:09.703 [AsyncHttpClient-1-4] DEBUG org.asynchttpclient.netty.handler.WebSocketHandler - 

Request DefaultFullHttpRequest(decodeResult: success, version: HTTP/1.1, content: EmptyByteBufBE)
GET /devtools/browser/d09eb07f-dbb1-4636-9ce3-499ebd0aac1a HTTP/1.1
upgrade: websocket
connection: upgrade
sec-websocket-key: hxRXMsbwBb98ZaiRUXo8mQ==
sec-websocket-version: 13
origin: http://localhost:50114
host: localhost:50114
accept: */*
user-agent: AHC/2.1

Response DefaultHttpResponse(decodeResult: success, version: HTTP/1.1)
HTTP/1.1 101 WebSocket Protocol Handshake
Upgrade: WebSocket
Connection: Upgrade
Sec-WebSocket-Accept: k8QMeA7uzJDp+E5963LZ7EtdxOA=

01:14:10.088 [Forwarding setTimeout on session 16b65777b270967f13f0d0d73751cd4d to remote] DEBUG org.asynchttpclient.netty.request.NettyRequestSender - Using pooled Channel '[id: 0xa572475c, L:/127.0.0.1:50113 - R:localhost/127.0.0.1:63161]' for 'POST' to 'http://localhost:63161/session/16b65777b270967f13f0d0d73751cd4d/timeouts'
01:14:10.088 [Forwarding setTimeout on session 16b65777b270967f13f0d0d73751cd4d to remote] DEBUG org.asynchttpclient.netty.request.NettyRequestSender - Using open Channel [id: 0xa572475c, L:/127.0.0.1:50113 - R:localhost/127.0.0.1:63161] for POST '/session/16b65777b270967f13f0d0d73751cd4d/timeouts'
01:14:10.116 [AsyncHttpClient-1-2] DEBUG org.asynchttpclient.netty.handler.HttpHandler - 

Request DefaultHttpRequest(decodeResult: success, version: HTTP/1.1)
POST /session/16b65777b270967f13f0d0d73751cd4d/timeouts HTTP/1.1
User-Agent: selenium/4.0.0 (java mac)
Content-Length: 22
Content-Type: application/json; charset=utf-8
host: localhost:63161
accept: */*

Response DefaultHttpResponse(decodeResult: success, version: HTTP/1.1)
HTTP/1.1 200 OK
Content-Type: application/json; charset=utf-8
cache-control: no-cache
content-length: 14

01:14:10.117 [AsyncHttpClient-1-2] DEBUG org.asynchttpclient.netty.channel.ChannelManager - Adding key: http://localhost:63161 for channel [id: 0xa572475c, L:/127.0.0.1:50113 - R:localhost/127.0.0.1:63161]
01:14:10.267 [Forwarding maximizeCurrentWindow on session 16b65777b270967f13f0d0d73751cd4d to remote] DEBUG org.asynchttpclient.netty.request.NettyRequestSender - Using pooled Channel '[id: 0xa572475c, L:/127.0.0.1:50113 - R:localhost/127.0.0.1:63161]' for 'POST' to 'http://localhost:63161/session/16b65777b270967f13f0d0d73751cd4d/window/maximize'
01:14:10.268 [Forwarding maximizeCurrentWindow on session 16b65777b270967f13f0d0d73751cd4d to remote] DEBUG org.asynchttpclient.netty.request.NettyRequestSender - Using open Channel [id: 0xa572475c, L:/127.0.0.1:50113 - R:localhost/127.0.0.1:63161] for POST '/session/16b65777b270967f13f0d0d73751cd4d/window/maximize'
01:14:10.440 [AsyncHttpClient-1-2] DEBUG org.asynchttpclient.netty.handler.HttpHandler - 

Request DefaultHttpRequest(decodeResult: success, version: HTTP/1.1)
POST /session/16b65777b270967f13f0d0d73751cd4d/window/maximize HTTP/1.1
User-Agent: selenium/4.0.0 (java mac)
Content-Length: 3
Content-Type: application/json; charset=utf-8
host: localhost:63161
accept: */*

Response DefaultHttpResponse(decodeResult: success, version: HTTP/1.1)
HTTP/1.1 200 OK
Content-Type: application/json; charset=utf-8
cache-control: no-cache
content-length: 50

01:14:10.441 [AsyncHttpClient-1-2] DEBUG org.asynchttpclient.netty.channel.ChannelManager - Adding key: http://localhost:63161 for channel [id: 0xa572475c, L:/127.0.0.1:50113 - R:localhost/127.0.0.1:63161]
01:14:10.467 [Forwarding get on session 16b65777b270967f13f0d0d73751cd4d to remote] DEBUG org.asynchttpclient.netty.request.NettyRequestSender - Using pooled Channel '[id: 0xa572475c, L:/127.0.0.1:50113 - R:localhost/127.0.0.1:63161]' for 'POST' to 'http://localhost:63161/session/16b65777b270967f13f0d0d73751cd4d/url'
01:14:10.468 [Forwarding get on session 16b65777b270967f13f0d0d73751cd4d to remote] DEBUG org.asynchttpclient.netty.request.NettyRequestSender - Using open Channel [id: 0xa572475c, L:/127.0.0.1:50113 - R:localhost/127.0.0.1:63161] for POST '/session/16b65777b270967f13f0d0d73751cd4d/url'
01:14:10.516 [AsyncHttpClient-1-1] DEBUG org.asynchttpclient.netty.channel.DefaultChannelPool - Entry count for : http://localhost:50114 : 1
01:14:11.617 [AsyncHttpClient-1-1] DEBUG org.asynchttpclient.netty.channel.DefaultChannelPool - Entry count for : http://localhost:50114 : 1
01:14:12.717 [AsyncHttpClient-1-1] DEBUG org.asynchttpclient.netty.channel.DefaultChannelPool - Entry count for : http://localhost:50114 : 1
01:14:12.948 [AsyncHttpClient-1-2] DEBUG org.asynchttpclient.netty.handler.HttpHandler - 

Request DefaultHttpRequest(decodeResult: success, version: HTTP/1.1)
POST /session/16b65777b270967f13f0d0d73751cd4d/url HTTP/1.1
User-Agent: selenium/4.0.0 (java mac)
Content-Length: 56
Content-Type: application/json; charset=utf-8
host: localhost:63161
accept: */*

Response DefaultHttpResponse(decodeResult: success, version: HTTP/1.1)
HTTP/1.1 200 OK
Content-Type: application/json; charset=utf-8
cache-control: no-cache
content-length: 14

01:14:12.949 [AsyncHttpClient-1-2] DEBUG org.asynchttpclient.netty.channel.ChannelManager - Adding key: http://localhost:63161 for channel [id: 0xa572475c, L:/127.0.0.1:50113 - R:localhost/127.0.0.1:63161]
01:14:12.957 [Forwarding findElement on session 16b65777b270967f13f0d0d73751cd4d to remote] DEBUG org.asynchttpclient.netty.request.NettyRequestSender - Using pooled Channel '[id: 0xa572475c, L:/127.0.0.1:50113 - R:localhost/127.0.0.1:63161]' for 'POST' to 'http://localhost:63161/session/16b65777b270967f13f0d0d73751cd4d/element'
01:14:12.958 [Forwarding findElement on session 16b65777b270967f13f0d0d73751cd4d to remote] DEBUG org.asynchttpclient.netty.request.NettyRequestSender - Using open Channel [id: 0xa572475c, L:/127.0.0.1:50113 - R:localhost/127.0.0.1:63161] for POST '/session/16b65777b270967f13f0d0d73751cd4d/element'
01:14:13.059 [AsyncHttpClient-1-2] DEBUG org.asynchttpclient.netty.handler.HttpHandler - 

Request DefaultHttpRequest(decodeResult: success, version: HTTP/1.1)
POST /session/16b65777b270967f13f0d0d73751cd4d/element HTTP/1.1
User-Agent: selenium/4.0.0 (java mac)
Content-Length: 56
Content-Type: application/json; charset=utf-8
host: localhost:63161
accept: */*

Response DefaultHttpResponse(decodeResult: success, version: HTTP/1.1)
HTTP/1.1 200 OK
Content-Type: application/json; charset=utf-8
cache-control: no-cache
content-length: 88

01:14:13.060 [AsyncHttpClient-1-2] DEBUG org.asynchttpclient.netty.channel.ChannelManager - Adding key: http://localhost:63161 for channel [id: 0xa572475c, L:/127.0.0.1:50113 - R:localhost/127.0.0.1:63161]
01:14:13.071 [Forwarding sendKeysToElement on session 16b65777b270967f13f0d0d73751cd4d to remote] DEBUG org.asynchttpclient.netty.request.NettyRequestSender - Using pooled Channel '[id: 0xa572475c, L:/127.0.0.1:50113 - R:localhost/127.0.0.1:63161]' for 'POST' to 'http://localhost:63161/session/16b65777b270967f13f0d0d73751cd4d/element/bef33041-7f59-4b75-ac0d-6d13c0cc6ce7/value'
01:14:13.071 [Forwarding sendKeysToElement on session 16b65777b270967f13f0d0d73751cd4d to remote] DEBUG org.asynchttpclient.netty.request.NettyRequestSender - Using open Channel [id: 0xa572475c, L:/127.0.0.1:50113 - R:localhost/127.0.0.1:63161] for POST '/session/16b65777b270967f13f0d0d73751cd4d/element/bef33041-7f59-4b75-ac0d-6d13c0cc6ce7/value'
01:14:13.506 [AsyncHttpClient-1-2] DEBUG org.asynchttpclient.netty.handler.HttpHandler - 

Request DefaultHttpRequest(decodeResult: success, version: HTTP/1.1)
POST /session/16b65777b270967f13f0d0d73751cd4d/element/bef33041-7f59-4b75-ac0d-6d13c0cc6ce7/value HTTP/1.1
User-Agent: selenium/4.0.0 (java mac)
Content-Length: 211
Content-Type: application/json; charset=utf-8
host: localhost:63161
accept: */*

Response DefaultHttpResponse(decodeResult: success, version: HTTP/1.1)
HTTP/1.1 200 OK
Content-Type: application/json; charset=utf-8
cache-control: no-cache
content-length: 14

01:14:13.507 [AsyncHttpClient-1-2] DEBUG org.asynchttpclient.netty.channel.ChannelManager - Adding key: http://localhost:63161 for channel [id: 0xa572475c, L:/127.0.0.1:50113 - R:localhost/127.0.0.1:63161]
01:14:13.513 [Forwarding findElement on session 16b65777b270967f13f0d0d73751cd4d to remote] DEBUG org.asynchttpclient.netty.request.NettyRequestSender - Using pooled Channel '[id: 0xa572475c, L:/127.0.0.1:50113 - R:localhost/127.0.0.1:63161]' for 'POST' to 'http://localhost:63161/session/16b65777b270967f13f0d0d73751cd4d/element'
01:14:13.514 [Forwarding findElement on session 16b65777b270967f13f0d0d73751cd4d to remote] DEBUG org.asynchttpclient.netty.request.NettyRequestSender - Using open Channel [id: 0xa572475c, L:/127.0.0.1:50113 - R:localhost/127.0.0.1:63161] for POST '/session/16b65777b270967f13f0d0d73751cd4d/element'
01:14:13.547 [AsyncHttpClient-1-2] DEBUG org.asynchttpclient.netty.handler.HttpHandler - 

Request DefaultHttpRequest(decodeResult: success, version: HTTP/1.1)
POST /session/16b65777b270967f13f0d0d73751cd4d/element HTTP/1.1
User-Agent: selenium/4.0.0 (java mac)
Content-Length: 53
Content-Type: application/json; charset=utf-8
host: localhost:63161
accept: */*

Response DefaultHttpResponse(decodeResult: success, version: HTTP/1.1)
HTTP/1.1 200 OK
Content-Type: application/json; charset=utf-8
cache-control: no-cache
content-length: 88

01:14:13.548 [AsyncHttpClient-1-2] DEBUG org.asynchttpclient.netty.channel.ChannelManager - Adding key: http://localhost:63161 for channel [id: 0xa572475c, L:/127.0.0.1:50113 - R:localhost/127.0.0.1:63161]
01:14:13.554 [Forwarding sendKeysToElement on session 16b65777b270967f13f0d0d73751cd4d to remote] DEBUG org.asynchttpclient.netty.request.NettyRequestSender - Using pooled Channel '[id: 0xa572475c, L:/127.0.0.1:50113 - R:localhost/127.0.0.1:63161]' for 'POST' to 'http://localhost:63161/session/16b65777b270967f13f0d0d73751cd4d/element/5c37db2c-751d-4bf2-a40b-b2e3be3a10ca/value'
01:14:13.555 [Forwarding sendKeysToElement on session 16b65777b270967f13f0d0d73751cd4d to remote] DEBUG org.asynchttpclient.netty.request.NettyRequestSender - Using open Channel [id: 0xa572475c, L:/127.0.0.1:50113 - R:localhost/127.0.0.1:63161] for POST '/session/16b65777b270967f13f0d0d73751cd4d/element/5c37db2c-751d-4bf2-a40b-b2e3be3a10ca/value'
01:14:13.817 [AsyncHttpClient-1-1] DEBUG org.asynchttpclient.netty.channel.DefaultChannelPool - Entry count for : http://localhost:50114 : 1
01:14:13.985 [AsyncHttpClient-1-2] DEBUG org.asynchttpclient.netty.handler.HttpHandler - 

Request DefaultHttpRequest(decodeResult: success, version: HTTP/1.1)
POST /session/16b65777b270967f13f0d0d73751cd4d/element/5c37db2c-751d-4bf2-a40b-b2e3be3a10ca/value HTTP/1.1
User-Agent: selenium/4.0.0 (java mac)
Content-Length: 201
Content-Type: application/json; charset=utf-8
host: localhost:63161
accept: */*

Response DefaultHttpResponse(decodeResult: success, version: HTTP/1.1)
HTTP/1.1 200 OK
Content-Type: application/json; charset=utf-8
cache-control: no-cache
content-length: 14

01:14:13.987 [AsyncHttpClient-1-2] DEBUG org.asynchttpclient.netty.channel.ChannelManager - Adding key: http://localhost:63161 for channel [id: 0xa572475c, L:/127.0.0.1:50113 - R:localhost/127.0.0.1:63161]
01:14:13.994 [Forwarding findElement on session 16b65777b270967f13f0d0d73751cd4d to remote] DEBUG org.asynchttpclient.netty.request.NettyRequestSender - Using pooled Channel '[id: 0xa572475c, L:/127.0.0.1:50113 - R:localhost/127.0.0.1:63161]' for 'POST' to 'http://localhost:63161/session/16b65777b270967f13f0d0d73751cd4d/element'
01:14:13.994 [Forwarding findElement on session 16b65777b270967f13f0d0d73751cd4d to remote] DEBUG org.asynchttpclient.netty.request.NettyRequestSender - Using open Channel [id: 0xa572475c, L:/127.0.0.1:50113 - R:localhost/127.0.0.1:63161] for POST '/session/16b65777b270967f13f0d0d73751cd4d/element'
01:14:14.062 [AsyncHttpClient-1-2] DEBUG org.asynchttpclient.netty.handler.HttpHandler - 

Request DefaultHttpRequest(decodeResult: success, version: HTTP/1.1)
POST /session/16b65777b270967f13f0d0d73751cd4d/element HTTP/1.1
User-Agent: selenium/4.0.0 (java mac)
Content-Length: 59
Content-Type: application/json; charset=utf-8
host: localhost:63161
accept: */*

Response DefaultHttpResponse(decodeResult: success, version: HTTP/1.1)
HTTP/1.1 200 OK
Content-Type: application/json; charset=utf-8
cache-control: no-cache
content-length: 88

01:14:14.063 [AsyncHttpClient-1-2] DEBUG org.asynchttpclient.netty.channel.ChannelManager - Adding key: http://localhost:63161 for channel [id: 0xa572475c, L:/127.0.0.1:50113 - R:localhost/127.0.0.1:63161]
01:14:14.067 [Forwarding clickElement on session 16b65777b270967f13f0d0d73751cd4d to remote] DEBUG org.asynchttpclient.netty.request.NettyRequestSender - Using pooled Channel '[id: 0xa572475c, L:/127.0.0.1:50113 - R:localhost/127.0.0.1:63161]' for 'POST' to 'http://localhost:63161/session/16b65777b270967f13f0d0d73751cd4d/element/bb306776-a426-421e-8fea-3363e21af92b/click'
01:14:14.068 [Forwarding clickElement on session 16b65777b270967f13f0d0d73751cd4d to remote] DEBUG org.asynchttpclient.netty.request.NettyRequestSender - Using open Channel [id: 0xa572475c, L:/127.0.0.1:50113 - R:localhost/127.0.0.1:63161] for POST '/session/16b65777b270967f13f0d0d73751cd4d/element/bb306776-a426-421e-8fea-3363e21af92b/click'
01:14:14.388 [AsyncHttpClient-1-2] DEBUG org.asynchttpclient.netty.handler.HttpHandler - 

Request DefaultHttpRequest(decodeResult: success, version: HTTP/1.1)
POST /session/16b65777b270967f13f0d0d73751cd4d/element/bb306776-a426-421e-8fea-3363e21af92b/click HTTP/1.1
User-Agent: selenium/4.0.0 (java mac)
Content-Length: 50
Content-Type: application/json; charset=utf-8
host: localhost:63161
accept: */*

Response DefaultHttpResponse(decodeResult: success, version: HTTP/1.1)
HTTP/1.1 200 OK
Content-Type: application/json; charset=utf-8
cache-control: no-cache
content-length: 14

01:14:14.389 [AsyncHttpClient-1-2] DEBUG org.asynchttpclient.netty.channel.ChannelManager - Adding key: http://localhost:63161 for channel [id: 0xa572475c, L:/127.0.0.1:50113 - R:localhost/127.0.0.1:63161]
01:14:14.393 [Forwarding setTimeout on session 16b65777b270967f13f0d0d73751cd4d to remote] DEBUG org.asynchttpclient.netty.request.NettyRequestSender - Using pooled Channel '[id: 0xa572475c, L:/127.0.0.1:50113 - R:localhost/127.0.0.1:63161]' for 'POST' to 'http://localhost:63161/session/16b65777b270967f13f0d0d73751cd4d/timeouts'
01:14:14.393 [Forwarding setTimeout on session 16b65777b270967f13f0d0d73751cd4d to remote] DEBUG org.asynchttpclient.netty.request.NettyRequestSender - Using open Channel [id: 0xa572475c, L:/127.0.0.1:50113 - R:localhost/127.0.0.1:63161] for POST '/session/16b65777b270967f13f0d0d73751cd4d/timeouts'
01:14:14.396 [AsyncHttpClient-1-2] DEBUG org.asynchttpclient.netty.handler.HttpHandler - 

Request DefaultHttpRequest(decodeResult: success, version: HTTP/1.1)
POST /session/16b65777b270967f13f0d0d73751cd4d/timeouts HTTP/1.1
User-Agent: selenium/4.0.0 (java mac)
Content-Length: 22
Content-Type: application/json; charset=utf-8
host: localhost:63161
accept: */*

Response DefaultHttpResponse(decodeResult: success, version: HTTP/1.1)
HTTP/1.1 200 OK
Content-Type: application/json; charset=utf-8
cache-control: no-cache
content-length: 14

01:14:14.397 [AsyncHttpClient-1-2] DEBUG org.asynchttpclient.netty.channel.ChannelManager - Adding key: http://localhost:63161 for channel [id: 0xa572475c, L:/127.0.0.1:50113 - R:localhost/127.0.0.1:63161]
01:14:14.521 [Forwarding findElement on session 16b65777b270967f13f0d0d73751cd4d to remote] DEBUG org.asynchttpclient.netty.request.NettyRequestSender - Using pooled Channel '[id: 0xa572475c, L:/127.0.0.1:50113 - R:localhost/127.0.0.1:63161]' for 'POST' to 'http://localhost:63161/session/16b65777b270967f13f0d0d73751cd4d/element'
01:14:14.522 [Forwarding findElement on session 16b65777b270967f13f0d0d73751cd4d to remote] DEBUG org.asynchttpclient.netty.request.NettyRequestSender - Using open Channel [id: 0xa572475c, L:/127.0.0.1:50113 - R:localhost/127.0.0.1:63161] for POST '/session/16b65777b270967f13f0d0d73751cd4d/element'
01:14:14.584 [AsyncHttpClient-1-2] DEBUG org.asynchttpclient.netty.handler.HttpHandler - 

Request DefaultHttpRequest(decodeResult: success, version: HTTP/1.1)
POST /session/16b65777b270967f13f0d0d73751cd4d/element HTTP/1.1
User-Agent: selenium/4.0.0 (java mac)
Content-Length: 86
Content-Type: application/json; charset=utf-8
host: localhost:63161
accept: */*

Response DefaultHttpResponse(decodeResult: success, version: HTTP/1.1)
HTTP/1.1 200 OK
Content-Type: application/json; charset=utf-8
cache-control: no-cache
content-length: 88

01:14:14.585 [AsyncHttpClient-1-2] DEBUG org.asynchttpclient.netty.channel.ChannelManager - Adding key: http://localhost:63161 for channel [id: 0xa572475c, L:/127.0.0.1:50113 - R:localhost/127.0.0.1:63161]
01:14:14.597 [Forwarding clickElement on session 16b65777b270967f13f0d0d73751cd4d to remote] DEBUG org.asynchttpclient.netty.request.NettyRequestSender - Using pooled Channel '[id: 0xa572475c, L:/127.0.0.1:50113 - R:localhost/127.0.0.1:63161]' for 'POST' to 'http://localhost:63161/session/16b65777b270967f13f0d0d73751cd4d/element/6939d290-8c4e-44f5-bf0d-efd5536f537e/click'
01:14:14.598 [Forwarding clickElement on session 16b65777b270967f13f0d0d73751cd4d to remote] DEBUG org.asynchttpclient.netty.request.NettyRequestSender - Using open Channel [id: 0xa572475c, L:/127.0.0.1:50113 - R:localhost/127.0.0.1:63161] for POST '/session/16b65777b270967f13f0d0d73751cd4d/element/6939d290-8c4e-44f5-bf0d-efd5536f537e/click'
01:14:14.839 [AsyncHttpClient-1-2] DEBUG org.asynchttpclient.netty.handler.HttpHandler - 

Request DefaultHttpRequest(decodeResult: success, version: HTTP/1.1)
POST /session/16b65777b270967f13f0d0d73751cd4d/element/6939d290-8c4e-44f5-bf0d-efd5536f537e/click HTTP/1.1
User-Agent: selenium/4.0.0 (java mac)
Content-Length: 50
Content-Type: application/json; charset=utf-8
host: localhost:63161
accept: */*

Response DefaultHttpResponse(decodeResult: success, version: HTTP/1.1)
HTTP/1.1 200 OK
Content-Type: application/json; charset=utf-8
cache-control: no-cache
content-length: 14

01:14:14.839 [AsyncHttpClient-1-2] DEBUG org.asynchttpclient.netty.channel.ChannelManager - Adding key: http://localhost:63161 for channel [id: 0xa572475c, L:/127.0.0.1:50113 - R:localhost/127.0.0.1:63161]
01:14:14.847 [Forwarding findElement on session 16b65777b270967f13f0d0d73751cd4d to remote] DEBUG org.asynchttpclient.netty.request.NettyRequestSender - Using pooled Channel '[id: 0xa572475c, L:/127.0.0.1:50113 - R:localhost/127.0.0.1:63161]' for 'POST' to 'http://localhost:63161/session/16b65777b270967f13f0d0d73751cd4d/element'
01:14:14.847 [Forwarding findElement on session 16b65777b270967f13f0d0d73751cd4d to remote] DEBUG org.asynchttpclient.netty.request.NettyRequestSender - Using open Channel [id: 0xa572475c, L:/127.0.0.1:50113 - R:localhost/127.0.0.1:63161] for POST '/session/16b65777b270967f13f0d0d73751cd4d/element'
01:14:14.918 [AsyncHttpClient-1-1] DEBUG org.asynchttpclient.netty.channel.DefaultChannelPool - Entry count for : http://localhost:50114 : 1
01:14:15.203 [AsyncHttpClient-1-2] DEBUG org.asynchttpclient.netty.handler.HttpHandler - 

Request DefaultHttpRequest(decodeResult: success, version: HTTP/1.1)
POST /session/16b65777b270967f13f0d0d73751cd4d/element HTTP/1.1
User-Agent: selenium/4.0.0 (java mac)
Content-Length: 91
Content-Type: application/json; charset=utf-8
host: localhost:63161
accept: */*

Response DefaultHttpResponse(decodeResult: success, version: HTTP/1.1)
HTTP/1.1 200 OK
Content-Type: application/json; charset=utf-8
cache-control: no-cache
content-length: 88

01:14:15.204 [AsyncHttpClient-1-2] DEBUG org.asynchttpclient.netty.channel.ChannelManager - Adding key: http://localhost:63161 for channel [id: 0xa572475c, L:/127.0.0.1:50113 - R:localhost/127.0.0.1:63161]
01:14:15.209 [Forwarding clickElement on session 16b65777b270967f13f0d0d73751cd4d to remote] DEBUG org.asynchttpclient.netty.request.NettyRequestSender - Using pooled Channel '[id: 0xa572475c, L:/127.0.0.1:50113 - R:localhost/127.0.0.1:63161]' for 'POST' to 'http://localhost:63161/session/16b65777b270967f13f0d0d73751cd4d/element/b0edde64-3b34-4fca-872b-c6c8bbb584fa/click'
01:14:15.209 [Forwarding clickElement on session 16b65777b270967f13f0d0d73751cd4d to remote] DEBUG org.asynchttpclient.netty.request.NettyRequestSender - Using open Channel [id: 0xa572475c, L:/127.0.0.1:50113 - R:localhost/127.0.0.1:63161] for POST '/session/16b65777b270967f13f0d0d73751cd4d/element/b0edde64-3b34-4fca-872b-c6c8bbb584fa/click'
01:14:16.016 [AsyncHttpClient-1-1] DEBUG org.asynchttpclient.netty.channel.DefaultChannelPool - Entry count for : http://localhost:50114 : 1
01:14:16.106 [AsyncHttpClient-1-2] DEBUG org.asynchttpclient.netty.handler.HttpHandler - 

Request DefaultHttpRequest(decodeResult: success, version: HTTP/1.1)
POST /session/16b65777b270967f13f0d0d73751cd4d/element/b0edde64-3b34-4fca-872b-c6c8bbb584fa/click HTTP/1.1
User-Agent: selenium/4.0.0 (java mac)
Content-Length: 50
Content-Type: application/json; charset=utf-8
host: localhost:63161
accept: */*

Response DefaultHttpResponse(decodeResult: success, version: HTTP/1.1)
HTTP/1.1 200 OK
Content-Type: application/json; charset=utf-8
cache-control: no-cache
content-length: 14

01:14:16.107 [AsyncHttpClient-1-2] DEBUG org.asynchttpclient.netty.channel.ChannelManager - Adding key: http://localhost:63161 for channel [id: 0xa572475c, L:/127.0.0.1:50113 - R:localhost/127.0.0.1:63161]
01:14:16.122 [Forwarding findElement on session 16b65777b270967f13f0d0d73751cd4d to remote] DEBUG org.asynchttpclient.netty.request.NettyRequestSender - Using pooled Channel '[id: 0xa572475c, L:/127.0.0.1:50113 - R:localhost/127.0.0.1:63161]' for 'POST' to 'http://localhost:63161/session/16b65777b270967f13f0d0d73751cd4d/element'
01:14:16.123 [Forwarding findElement on session 16b65777b270967f13f0d0d73751cd4d to remote] DEBUG org.asynchttpclient.netty.request.NettyRequestSender - Using open Channel [id: 0xa572475c, L:/127.0.0.1:50113 - R:localhost/127.0.0.1:63161] for POST '/session/16b65777b270967f13f0d0d73751cd4d/element'
01:14:16.148 [AsyncHttpClient-1-2] DEBUG org.asynchttpclient.netty.handler.HttpHandler - 

Request DefaultHttpRequest(decodeResult: success, version: HTTP/1.1)
POST /session/16b65777b270967f13f0d0d73751cd4d/element HTTP/1.1
User-Agent: selenium/4.0.0 (java mac)
Content-Length: 77
Content-Type: application/json; charset=utf-8
host: localhost:63161
accept: */*

Response DefaultHttpResponse(decodeResult: success, version: HTTP/1.1)
HTTP/1.1 200 OK
Content-Type: application/json; charset=utf-8
cache-control: no-cache
content-length: 88

01:14:16.149 [AsyncHttpClient-1-2] DEBUG org.asynchttpclient.netty.channel.ChannelManager - Adding key: http://localhost:63161 for channel [id: 0xa572475c, L:/127.0.0.1:50113 - R:localhost/127.0.0.1:63161]
01:14:16.154 [Forwarding clickElement on session 16b65777b270967f13f0d0d73751cd4d to remote] DEBUG org.asynchttpclient.netty.request.NettyRequestSender - Using pooled Channel '[id: 0xa572475c, L:/127.0.0.1:50113 - R:localhost/127.0.0.1:63161]' for 'POST' to 'http://localhost:63161/session/16b65777b270967f13f0d0d73751cd4d/element/3d4e263d-102b-4dbf-b630-6b07c9f9e435/click'
01:14:16.154 [Forwarding clickElement on session 16b65777b270967f13f0d0d73751cd4d to remote] DEBUG org.asynchttpclient.netty.request.NettyRequestSender - Using open Channel [id: 0xa572475c, L:/127.0.0.1:50113 - R:localhost/127.0.0.1:63161] for POST '/session/16b65777b270967f13f0d0d73751cd4d/element/3d4e263d-102b-4dbf-b630-6b07c9f9e435/click'
01:14:16.223 [AsyncHttpClient-1-2] DEBUG org.asynchttpclient.netty.handler.HttpHandler - 

Request DefaultHttpRequest(decodeResult: success, version: HTTP/1.1)
POST /session/16b65777b270967f13f0d0d73751cd4d/element/3d4e263d-102b-4dbf-b630-6b07c9f9e435/click HTTP/1.1
User-Agent: selenium/4.0.0 (java mac)
Content-Length: 50
Content-Type: application/json; charset=utf-8
host: localhost:63161
accept: */*

Response DefaultHttpResponse(decodeResult: success, version: HTTP/1.1)
HTTP/1.1 200 OK
Content-Type: application/json; charset=utf-8
cache-control: no-cache
content-length: 14

01:14:16.224 [AsyncHttpClient-1-2] DEBUG org.asynchttpclient.netty.channel.ChannelManager - Adding key: http://localhost:63161 for channel [id: 0xa572475c, L:/127.0.0.1:50113 - R:localhost/127.0.0.1:63161]
01:14:16.232 [Forwarding findElement on session 16b65777b270967f13f0d0d73751cd4d to remote] DEBUG org.asynchttpclient.netty.request.NettyRequestSender - Using pooled Channel '[id: 0xa572475c, L:/127.0.0.1:50113 - R:localhost/127.0.0.1:63161]' for 'POST' to 'http://localhost:63161/session/16b65777b270967f13f0d0d73751cd4d/element'
01:14:16.232 [Forwarding findElement on session 16b65777b270967f13f0d0d73751cd4d to remote] DEBUG org.asynchttpclient.netty.request.NettyRequestSender - Using open Channel [id: 0xa572475c, L:/127.0.0.1:50113 - R:localhost/127.0.0.1:63161] for POST '/session/16b65777b270967f13f0d0d73751cd4d/element'
01:14:16.257 [AsyncHttpClient-1-2] DEBUG org.asynchttpclient.netty.handler.HttpHandler - 

Request DefaultHttpRequest(decodeResult: success, version: HTTP/1.1)
POST /session/16b65777b270967f13f0d0d73751cd4d/element HTTP/1.1
User-Agent: selenium/4.0.0 (java mac)
Content-Length: 64
Content-Type: application/json; charset=utf-8
host: localhost:63161
accept: */*

Response DefaultHttpResponse(decodeResult: success, version: HTTP/1.1)
HTTP/1.1 200 OK
Content-Type: application/json; charset=utf-8
cache-control: no-cache
content-length: 88

01:14:16.258 [AsyncHttpClient-1-2] DEBUG org.asynchttpclient.netty.channel.ChannelManager - Adding key: http://localhost:63161 for channel [id: 0xa572475c, L:/127.0.0.1:50113 - R:localhost/127.0.0.1:63161]
01:14:16.263 [Forwarding clickElement on session 16b65777b270967f13f0d0d73751cd4d to remote] DEBUG org.asynchttpclient.netty.request.NettyRequestSender - Using pooled Channel '[id: 0xa572475c, L:/127.0.0.1:50113 - R:localhost/127.0.0.1:63161]' for 'POST' to 'http://localhost:63161/session/16b65777b270967f13f0d0d73751cd4d/element/5e19b330-c8f9-4c83-b52e-db5fbbf35f96/click'
01:14:16.263 [Forwarding clickElement on session 16b65777b270967f13f0d0d73751cd4d to remote] DEBUG org.asynchttpclient.netty.request.NettyRequestSender - Using open Channel [id: 0xa572475c, L:/127.0.0.1:50113 - R:localhost/127.0.0.1:63161] for POST '/session/16b65777b270967f13f0d0d73751cd4d/element/5e19b330-c8f9-4c83-b52e-db5fbbf35f96/click'
01:14:16.539 [AsyncHttpClient-1-2] DEBUG org.asynchttpclient.netty.handler.HttpHandler - 

Request DefaultHttpRequest(decodeResult: success, version: HTTP/1.1)
POST /session/16b65777b270967f13f0d0d73751cd4d/element/5e19b330-c8f9-4c83-b52e-db5fbbf35f96/click HTTP/1.1
User-Agent: selenium/4.0.0 (java mac)
Content-Length: 50
Content-Type: application/json; charset=utf-8
host: localhost:63161
accept: */*

Response DefaultHttpResponse(decodeResult: success, version: HTTP/1.1)
HTTP/1.1 200 OK
Content-Type: application/json; charset=utf-8
cache-control: no-cache
content-length: 14

01:14:16.540 [AsyncHttpClient-1-2] DEBUG org.asynchttpclient.netty.channel.ChannelManager - Adding key: http://localhost:63161 for channel [id: 0xa572475c, L:/127.0.0.1:50113 - R:localhost/127.0.0.1:63161]
01:14:16.543 [Forwarding getCurrentUrl on session 16b65777b270967f13f0d0d73751cd4d to remote] DEBUG org.asynchttpclient.netty.request.NettyRequestSender - Using pooled Channel '[id: 0xa572475c, L:/127.0.0.1:50113 - R:localhost/127.0.0.1:63161]' for 'GET' to 'http://localhost:63161/session/16b65777b270967f13f0d0d73751cd4d/url'
01:14:16.543 [Forwarding getCurrentUrl on session 16b65777b270967f13f0d0d73751cd4d to remote] DEBUG org.asynchttpclient.netty.request.NettyRequestSender - Using open Channel [id: 0xa572475c, L:/127.0.0.1:50113 - R:localhost/127.0.0.1:63161] for GET '/session/16b65777b270967f13f0d0d73751cd4d/url'
01:14:16.592 [AsyncHttpClient-1-2] DEBUG org.asynchttpclient.netty.handler.HttpHandler - 

Request DefaultFullHttpRequest(decodeResult: success, version: HTTP/1.1, content: EmptyByteBufBE)
GET /session/16b65777b270967f13f0d0d73751cd4d/url HTTP/1.1
User-Agent: selenium/4.0.0 (java mac)
Cache-Control: no-cache
Content-Type: application/json; charset=utf-8
host: localhost:63161
accept: */*

Response DefaultHttpResponse(decodeResult: success, version: HTTP/1.1)
HTTP/1.1 200 OK
Content-Type: application/json; charset=utf-8
cache-control: no-cache
content-length: 52

01:14:16.593 [AsyncHttpClient-1-2] DEBUG org.asynchttpclient.netty.channel.ChannelManager - Adding key: http://localhost:63161 for channel [id: 0xa572475c, L:/127.0.0.1:50113 - R:localhost/127.0.0.1:63161]
]]></system-out>
    <system-err><![CDATA[Starting ChromeDriver 98.0.4758.102 (273bf7ac8c909cde36982d27f66f3c70846a3718-refs/branch-heads/4758@{#1151}) on port 63161
Only local connections are allowed.
Please see https://chromedriver.chromium.org/security-considerations for suggestions on keeping ChromeDriver safe.
ChromeDriver was started successfully.
февр. 27, 2022 1:14:09 AM org.openqa.selenium.remote.ProtocolHandshake createSession
INFO: Detected dialect: W3C
февр. 27, 2022 1:14:09 AM org.openqa.selenium.devtools.CdpVersionFinder findNearestMatch
WARNING: Unable to find an exact match for CDP version 98, so returning the closest version found: 95
февр. 27, 2022 1:14:09 AM org.openqa.selenium.devtools.CdpVersionFinder findNearestMatch
INFO: Found CDP implementation for version 98 of 95
]]></system-err>
  </testcase>
  <testcase name="addToCartTest" classname="ru.misskotik.MainPageTest" time="2.27">
    <system-out><![CDATA[01:14:16.646 [Forwarding maximizeCurrentWindow on session 16b65777b270967f13f0d0d73751cd4d to remote] DEBUG org.asynchttpclient.netty.request.NettyRequestSender - Using pooled Channel '[id: 0xa572475c, L:/127.0.0.1:50113 - R:localhost/127.0.0.1:63161]' for 'POST' to 'http://localhost:63161/session/16b65777b270967f13f0d0d73751cd4d/window/maximize'
01:14:16.647 [Forwarding maximizeCurrentWindow on session 16b65777b270967f13f0d0d73751cd4d to remote] DEBUG org.asynchttpclient.netty.request.NettyRequestSender - Using open Channel [id: 0xa572475c, L:/127.0.0.1:50113 - R:localhost/127.0.0.1:63161] for POST '/session/16b65777b270967f13f0d0d73751cd4d/window/maximize'
01:14:16.764 [AsyncHttpClient-1-2] DEBUG org.asynchttpclient.netty.handler.HttpHandler - 

Request DefaultHttpRequest(decodeResult: success, version: HTTP/1.1)
POST /session/16b65777b270967f13f0d0d73751cd4d/window/maximize HTTP/1.1
User-Agent: selenium/4.0.0 (java mac)
Content-Length: 3
Content-Type: application/json; charset=utf-8
host: localhost:63161
accept: */*

Response DefaultHttpResponse(decodeResult: success, version: HTTP/1.1)
HTTP/1.1 200 OK
Content-Type: application/json; charset=utf-8
cache-control: no-cache
content-length: 50

01:14:16.765 [AsyncHttpClient-1-2] DEBUG org.asynchttpclient.netty.channel.ChannelManager - Adding key: http://localhost:63161 for channel [id: 0xa572475c, L:/127.0.0.1:50113 - R:localhost/127.0.0.1:63161]
01:14:16.769 [Forwarding get on session 16b65777b270967f13f0d0d73751cd4d to remote] DEBUG org.asynchttpclient.netty.request.NettyRequestSender - Using pooled Channel '[id: 0xa572475c, L:/127.0.0.1:50113 - R:localhost/127.0.0.1:63161]' for 'POST' to 'http://localhost:63161/session/16b65777b270967f13f0d0d73751cd4d/url'
01:14:16.769 [Forwarding get on session 16b65777b270967f13f0d0d73751cd4d to remote] DEBUG org.asynchttpclient.netty.request.NettyRequestSender - Using open Channel [id: 0xa572475c, L:/127.0.0.1:50113 - R:localhost/127.0.0.1:63161] for POST '/session/16b65777b270967f13f0d0d73751cd4d/url'
01:14:17.115 [AsyncHttpClient-1-2] DEBUG org.asynchttpclient.netty.handler.HttpHandler - 

Request DefaultHttpRequest(decodeResult: success, version: HTTP/1.1)
POST /session/16b65777b270967f13f0d0d73751cd4d/url HTTP/1.1
User-Agent: selenium/4.0.0 (java mac)
Content-Length: 56
Content-Type: application/json; charset=utf-8
host: localhost:63161
accept: */*

Response DefaultHttpResponse(decodeResult: success, version: HTTP/1.1)
HTTP/1.1 200 OK
Content-Type: application/json; charset=utf-8
cache-control: no-cache
content-length: 14

01:14:17.116 [AsyncHttpClient-1-2] DEBUG org.asynchttpclient.netty.channel.ChannelManager - Adding key: http://localhost:63161 for channel [id: 0xa572475c, L:/127.0.0.1:50113 - R:localhost/127.0.0.1:63161]
01:14:17.120 [Forwarding findElement on session 16b65777b270967f13f0d0d73751cd4d to remote] DEBUG org.asynchttpclient.netty.request.NettyRequestSender - Using pooled Channel '[id: 0xa572475c, L:/127.0.0.1:50113 - R:localhost/127.0.0.1:63161]' for 'POST' to 'http://localhost:63161/session/16b65777b270967f13f0d0d73751cd4d/element'
01:14:17.120 [AsyncHttpClient-1-1] DEBUG org.asynchttpclient.netty.channel.DefaultChannelPool - Entry count for : http://localhost:50114 : 1
01:14:17.121 [Forwarding findElement on session 16b65777b270967f13f0d0d73751cd4d to remote] DEBUG org.asynchttpclient.netty.request.NettyRequestSender - Using open Channel [id: 0xa572475c, L:/127.0.0.1:50113 - R:localhost/127.0.0.1:63161] for POST '/session/16b65777b270967f13f0d0d73751cd4d/element'
01:14:17.141 [AsyncHttpClient-1-2] DEBUG org.asynchttpclient.netty.handler.HttpHandler - 

Request DefaultHttpRequest(decodeResult: success, version: HTTP/1.1)
POST /session/16b65777b270967f13f0d0d73751cd4d/element HTTP/1.1
User-Agent: selenium/4.0.0 (java mac)
Content-Length: 56
Content-Type: application/json; charset=utf-8
host: localhost:63161
accept: */*

Response DefaultHttpResponse(decodeResult: success, version: HTTP/1.1)
HTTP/1.1 200 OK
Content-Type: application/json; charset=utf-8
cache-control: no-cache
content-length: 88

01:14:17.141 [AsyncHttpClient-1-2] DEBUG org.asynchttpclient.netty.channel.ChannelManager - Adding key: http://localhost:63161 for channel [id: 0xa572475c, L:/127.0.0.1:50113 - R:localhost/127.0.0.1:63161]
01:14:17.149 [Forwarding sendKeysToElement on session 16b65777b270967f13f0d0d73751cd4d to remote] DEBUG org.asynchttpclient.netty.request.NettyRequestSender - Using pooled Channel '[id: 0xa572475c, L:/127.0.0.1:50113 - R:localhost/127.0.0.1:63161]' for 'POST' to 'http://localhost:63161/session/16b65777b270967f13f0d0d73751cd4d/element/cfb06ad7-005c-44df-9088-b01610c291f0/value'
01:14:17.150 [Forwarding sendKeysToElement on session 16b65777b270967f13f0d0d73751cd4d to remote] DEBUG org.asynchttpclient.netty.request.NettyRequestSender - Using open Channel [id: 0xa572475c, L:/127.0.0.1:50113 - R:localhost/127.0.0.1:63161] for POST '/session/16b65777b270967f13f0d0d73751cd4d/element/cfb06ad7-005c-44df-9088-b01610c291f0/value'
01:14:17.394 [AsyncHttpClient-1-2] DEBUG org.asynchttpclient.netty.handler.HttpHandler - 

Request DefaultHttpRequest(decodeResult: success, version: HTTP/1.1)
POST /session/16b65777b270967f13f0d0d73751cd4d/element/cfb06ad7-005c-44df-9088-b01610c291f0/value HTTP/1.1
User-Agent: selenium/4.0.0 (java mac)
Content-Length: 211
Content-Type: application/json; charset=utf-8
host: localhost:63161
accept: */*

Response DefaultHttpResponse(decodeResult: success, version: HTTP/1.1)
HTTP/1.1 200 OK
Content-Type: application/json; charset=utf-8
cache-control: no-cache
content-length: 14

01:14:17.395 [AsyncHttpClient-1-2] DEBUG org.asynchttpclient.netty.channel.ChannelManager - Adding key: http://localhost:63161 for channel [id: 0xa572475c, L:/127.0.0.1:50113 - R:localhost/127.0.0.1:63161]
01:14:17.399 [Forwarding findElement on session 16b65777b270967f13f0d0d73751cd4d to remote] DEBUG org.asynchttpclient.netty.request.NettyRequestSender - Using pooled Channel '[id: 0xa572475c, L:/127.0.0.1:50113 - R:localhost/127.0.0.1:63161]' for 'POST' to 'http://localhost:63161/session/16b65777b270967f13f0d0d73751cd4d/element'
01:14:17.399 [Forwarding findElement on session 16b65777b270967f13f0d0d73751cd4d to remote] DEBUG org.asynchttpclient.netty.request.NettyRequestSender - Using open Channel [id: 0xa572475c, L:/127.0.0.1:50113 - R:localhost/127.0.0.1:63161] for POST '/session/16b65777b270967f13f0d0d73751cd4d/element'
01:14:17.415 [AsyncHttpClient-1-2] DEBUG org.asynchttpclient.netty.handler.HttpHandler - 

Request DefaultHttpRequest(decodeResult: success, version: HTTP/1.1)
POST /session/16b65777b270967f13f0d0d73751cd4d/element HTTP/1.1
User-Agent: selenium/4.0.0 (java mac)
Content-Length: 53
Content-Type: application/json; charset=utf-8
host: localhost:63161
accept: */*

Response DefaultHttpResponse(decodeResult: success, version: HTTP/1.1)
HTTP/1.1 200 OK
Content-Type: application/json; charset=utf-8
cache-control: no-cache
content-length: 88

01:14:17.416 [AsyncHttpClient-1-2] DEBUG org.asynchttpclient.netty.channel.ChannelManager - Adding key: http://localhost:63161 for channel [id: 0xa572475c, L:/127.0.0.1:50113 - R:localhost/127.0.0.1:63161]
01:14:17.419 [Forwarding sendKeysToElement on session 16b65777b270967f13f0d0d73751cd4d to remote] DEBUG org.asynchttpclient.netty.request.NettyRequestSender - Using pooled Channel '[id: 0xa572475c, L:/127.0.0.1:50113 - R:localhost/127.0.0.1:63161]' for 'POST' to 'http://localhost:63161/session/16b65777b270967f13f0d0d73751cd4d/element/279d6f3c-9188-4f48-9459-ab253e0885dd/value'
01:14:17.420 [Forwarding sendKeysToElement on session 16b65777b270967f13f0d0d73751cd4d to remote] DEBUG org.asynchttpclient.netty.request.NettyRequestSender - Using open Channel [id: 0xa572475c, L:/127.0.0.1:50113 - R:localhost/127.0.0.1:63161] for POST '/session/16b65777b270967f13f0d0d73751cd4d/element/279d6f3c-9188-4f48-9459-ab253e0885dd/value'
01:14:17.630 [AsyncHttpClient-1-2] DEBUG org.asynchttpclient.netty.handler.HttpHandler - 

Request DefaultHttpRequest(decodeResult: success, version: HTTP/1.1)
POST /session/16b65777b270967f13f0d0d73751cd4d/element/279d6f3c-9188-4f48-9459-ab253e0885dd/value HTTP/1.1
User-Agent: selenium/4.0.0 (java mac)
Content-Length: 201
Content-Type: application/json; charset=utf-8
host: localhost:63161
accept: */*

Response DefaultHttpResponse(decodeResult: success, version: HTTP/1.1)
HTTP/1.1 200 OK
Content-Type: application/json; charset=utf-8
cache-control: no-cache
content-length: 14

01:14:17.630 [AsyncHttpClient-1-2] DEBUG org.asynchttpclient.netty.channel.ChannelManager - Adding key: http://localhost:63161 for channel [id: 0xa572475c, L:/127.0.0.1:50113 - R:localhost/127.0.0.1:63161]
01:14:17.634 [Forwarding findElement on session 16b65777b270967f13f0d0d73751cd4d to remote] DEBUG org.asynchttpclient.netty.request.NettyRequestSender - Using pooled Channel '[id: 0xa572475c, L:/127.0.0.1:50113 - R:localhost/127.0.0.1:63161]' for 'POST' to 'http://localhost:63161/session/16b65777b270967f13f0d0d73751cd4d/element'
01:14:17.634 [Forwarding findElement on session 16b65777b270967f13f0d0d73751cd4d to remote] DEBUG org.asynchttpclient.netty.request.NettyRequestSender - Using open Channel [id: 0xa572475c, L:/127.0.0.1:50113 - R:localhost/127.0.0.1:63161] for POST '/session/16b65777b270967f13f0d0d73751cd4d/element'
01:14:17.660 [AsyncHttpClient-1-2] DEBUG org.asynchttpclient.netty.handler.HttpHandler - 

Request DefaultHttpRequest(decodeResult: success, version: HTTP/1.1)
POST /session/16b65777b270967f13f0d0d73751cd4d/element HTTP/1.1
User-Agent: selenium/4.0.0 (java mac)
Content-Length: 59
Content-Type: application/json; charset=utf-8
host: localhost:63161
accept: */*

Response DefaultHttpResponse(decodeResult: success, version: HTTP/1.1)
HTTP/1.1 200 OK
Content-Type: application/json; charset=utf-8
cache-control: no-cache
content-length: 88

01:14:17.661 [AsyncHttpClient-1-2] DEBUG org.asynchttpclient.netty.channel.ChannelManager - Adding key: http://localhost:63161 for channel [id: 0xa572475c, L:/127.0.0.1:50113 - R:localhost/127.0.0.1:63161]
01:14:17.666 [Forwarding clickElement on session 16b65777b270967f13f0d0d73751cd4d to remote] DEBUG org.asynchttpclient.netty.request.NettyRequestSender - Using pooled Channel '[id: 0xa572475c, L:/127.0.0.1:50113 - R:localhost/127.0.0.1:63161]' for 'POST' to 'http://localhost:63161/session/16b65777b270967f13f0d0d73751cd4d/element/9a8b64bd-91e0-42f4-87a9-efa25b4c154d/click'
01:14:17.666 [Forwarding clickElement on session 16b65777b270967f13f0d0d73751cd4d to remote] DEBUG org.asynchttpclient.netty.request.NettyRequestSender - Using open Channel [id: 0xa572475c, L:/127.0.0.1:50113 - R:localhost/127.0.0.1:63161] for POST '/session/16b65777b270967f13f0d0d73751cd4d/element/9a8b64bd-91e0-42f4-87a9-efa25b4c154d/click'
01:14:17.918 [AsyncHttpClient-1-2] DEBUG org.asynchttpclient.netty.handler.HttpHandler - 

Request DefaultHttpRequest(decodeResult: success, version: HTTP/1.1)
POST /session/16b65777b270967f13f0d0d73751cd4d/element/9a8b64bd-91e0-42f4-87a9-efa25b4c154d/click HTTP/1.1
User-Agent: selenium/4.0.0 (java mac)
Content-Length: 50
Content-Type: application/json; charset=utf-8
host: localhost:63161
accept: */*

Response DefaultHttpResponse(decodeResult: success, version: HTTP/1.1)
HTTP/1.1 200 OK
Content-Type: application/json; charset=utf-8
cache-control: no-cache
content-length: 14

01:14:17.919 [AsyncHttpClient-1-2] DEBUG org.asynchttpclient.netty.channel.ChannelManager - Adding key: http://localhost:63161 for channel [id: 0xa572475c, L:/127.0.0.1:50113 - R:localhost/127.0.0.1:63161]
01:14:17.921 [Forwarding setTimeout on session 16b65777b270967f13f0d0d73751cd4d to remote] DEBUG org.asynchttpclient.netty.request.NettyRequestSender - Using pooled Channel '[id: 0xa572475c, L:/127.0.0.1:50113 - R:localhost/127.0.0.1:63161]' for 'POST' to 'http://localhost:63161/session/16b65777b270967f13f0d0d73751cd4d/timeouts'
01:14:17.921 [Forwarding setTimeout on session 16b65777b270967f13f0d0d73751cd4d to remote] DEBUG org.asynchttpclient.netty.request.NettyRequestSender - Using open Channel [id: 0xa572475c, L:/127.0.0.1:50113 - R:localhost/127.0.0.1:63161] for POST '/session/16b65777b270967f13f0d0d73751cd4d/timeouts'
01:14:17.923 [AsyncHttpClient-1-2] DEBUG org.asynchttpclient.netty.handler.HttpHandler - 

Request DefaultHttpRequest(decodeResult: success, version: HTTP/1.1)
POST /session/16b65777b270967f13f0d0d73751cd4d/timeouts HTTP/1.1
User-Agent: selenium/4.0.0 (java mac)
Content-Length: 22
Content-Type: application/json; charset=utf-8
host: localhost:63161
accept: */*

Response DefaultHttpResponse(decodeResult: success, version: HTTP/1.1)
HTTP/1.1 200 OK
Content-Type: application/json; charset=utf-8
cache-control: no-cache
content-length: 14

01:14:17.924 [AsyncHttpClient-1-2] DEBUG org.asynchttpclient.netty.channel.ChannelManager - Adding key: http://localhost:63161 for channel [id: 0xa572475c, L:/127.0.0.1:50113 - R:localhost/127.0.0.1:63161]
01:14:17.930 [Forwarding findElement on session 16b65777b270967f13f0d0d73751cd4d to remote] DEBUG org.asynchttpclient.netty.request.NettyRequestSender - Using pooled Channel '[id: 0xa572475c, L:/127.0.0.1:50113 - R:localhost/127.0.0.1:63161]' for 'POST' to 'http://localhost:63161/session/16b65777b270967f13f0d0d73751cd4d/element'
01:14:17.931 [Forwarding findElement on session 16b65777b270967f13f0d0d73751cd4d to remote] DEBUG org.asynchttpclient.netty.request.NettyRequestSender - Using open Channel [id: 0xa572475c, L:/127.0.0.1:50113 - R:localhost/127.0.0.1:63161] for POST '/session/16b65777b270967f13f0d0d73751cd4d/element'
01:14:18.220 [AsyncHttpClient-1-1] DEBUG org.asynchttpclient.netty.channel.DefaultChannelPool - Entry count for : http://localhost:50114 : 1
01:14:18.465 [AsyncHttpClient-1-2] DEBUG org.asynchttpclient.netty.handler.HttpHandler - 

Request DefaultHttpRequest(decodeResult: success, version: HTTP/1.1)
POST /session/16b65777b270967f13f0d0d73751cd4d/element HTTP/1.1
User-Agent: selenium/4.0.0 (java mac)
Content-Length: 86
Content-Type: application/json; charset=utf-8
host: localhost:63161
accept: */*

Response DefaultHttpResponse(decodeResult: success, version: HTTP/1.1)
HTTP/1.1 200 OK
Content-Type: application/json; charset=utf-8
cache-control: no-cache
content-length: 88

01:14:18.466 [AsyncHttpClient-1-2] DEBUG org.asynchttpclient.netty.channel.ChannelManager - Adding key: http://localhost:63161 for channel [id: 0xa572475c, L:/127.0.0.1:50113 - R:localhost/127.0.0.1:63161]
01:14:18.471 [Forwarding clickElement on session 16b65777b270967f13f0d0d73751cd4d to remote] DEBUG org.asynchttpclient.netty.request.NettyRequestSender - Using pooled Channel '[id: 0xa572475c, L:/127.0.0.1:50113 - R:localhost/127.0.0.1:63161]' for 'POST' to 'http://localhost:63161/session/16b65777b270967f13f0d0d73751cd4d/element/4d46c204-d01e-4831-848b-67aec66da804/click'
01:14:18.471 [Forwarding clickElement on session 16b65777b270967f13f0d0d73751cd4d to remote] DEBUG org.asynchttpclient.netty.request.NettyRequestSender - Using open Channel [id: 0xa572475c, L:/127.0.0.1:50113 - R:localhost/127.0.0.1:63161] for POST '/session/16b65777b270967f13f0d0d73751cd4d/element/4d46c204-d01e-4831-848b-67aec66da804/click'
01:14:18.708 [AsyncHttpClient-1-2] DEBUG org.asynchttpclient.netty.handler.HttpHandler - 

Request DefaultHttpRequest(decodeResult: success, version: HTTP/1.1)
POST /session/16b65777b270967f13f0d0d73751cd4d/element/4d46c204-d01e-4831-848b-67aec66da804/click HTTP/1.1
User-Agent: selenium/4.0.0 (java mac)
Content-Length: 50
Content-Type: application/json; charset=utf-8
host: localhost:63161
accept: */*

Response DefaultHttpResponse(decodeResult: success, version: HTTP/1.1)
HTTP/1.1 200 OK
Content-Type: application/json; charset=utf-8
cache-control: no-cache
content-length: 14

01:14:18.708 [AsyncHttpClient-1-2] DEBUG org.asynchttpclient.netty.channel.ChannelManager - Adding key: http://localhost:63161 for channel [id: 0xa572475c, L:/127.0.0.1:50113 - R:localhost/127.0.0.1:63161]
01:14:18.713 [Forwarding getCurrentUrl on session 16b65777b270967f13f0d0d73751cd4d to remote] DEBUG org.asynchttpclient.netty.request.NettyRequestSender - Using pooled Channel '[id: 0xa572475c, L:/127.0.0.1:50113 - R:localhost/127.0.0.1:63161]' for 'GET' to 'http://localhost:63161/session/16b65777b270967f13f0d0d73751cd4d/url'
01:14:18.713 [Forwarding getCurrentUrl on session 16b65777b270967f13f0d0d73751cd4d to remote] DEBUG org.asynchttpclient.netty.request.NettyRequestSender - Using open Channel [id: 0xa572475c, L:/127.0.0.1:50113 - R:localhost/127.0.0.1:63161] for GET '/session/16b65777b270967f13f0d0d73751cd4d/url'
01:14:18.720 [AsyncHttpClient-1-2] DEBUG org.asynchttpclient.netty.handler.HttpHandler - 

Request DefaultFullHttpRequest(decodeResult: success, version: HTTP/1.1, content: EmptyByteBufBE)
GET /session/16b65777b270967f13f0d0d73751cd4d/url HTTP/1.1
User-Agent: selenium/4.0.0 (java mac)
Cache-Control: no-cache
Content-Type: application/json; charset=utf-8
host: localhost:63161
accept: */*

Response DefaultHttpResponse(decodeResult: success, version: HTTP/1.1)
HTTP/1.1 200 OK
Content-Type: application/json; charset=utf-8
cache-control: no-cache
content-length: 52

01:14:18.721 [AsyncHttpClient-1-2] DEBUG org.asynchttpclient.netty.channel.ChannelManager - Adding key: http://localhost:63161 for channel [id: 0xa572475c, L:/127.0.0.1:50113 - R:localhost/127.0.0.1:63161]
01:14:18.727 [Forwarding findElement on session 16b65777b270967f13f0d0d73751cd4d to remote] DEBUG org.asynchttpclient.netty.request.NettyRequestSender - Using pooled Channel '[id: 0xa572475c, L:/127.0.0.1:50113 - R:localhost/127.0.0.1:63161]' for 'POST' to 'http://localhost:63161/session/16b65777b270967f13f0d0d73751cd4d/element'
01:14:18.727 [Forwarding findElement on session 16b65777b270967f13f0d0d73751cd4d to remote] DEBUG org.asynchttpclient.netty.request.NettyRequestSender - Using open Channel [id: 0xa572475c, L:/127.0.0.1:50113 - R:localhost/127.0.0.1:63161] for POST '/session/16b65777b270967f13f0d0d73751cd4d/element'
01:14:18.741 [AsyncHttpClient-1-2] DEBUG org.asynchttpclient.netty.handler.HttpHandler - 

Request DefaultHttpRequest(decodeResult: success, version: HTTP/1.1)
POST /session/16b65777b270967f13f0d0d73751cd4d/element HTTP/1.1
User-Agent: selenium/4.0.0 (java mac)
Content-Length: 91
Content-Type: application/json; charset=utf-8
host: localhost:63161
accept: */*

Response DefaultHttpResponse(decodeResult: success, version: HTTP/1.1)
HTTP/1.1 200 OK
Content-Type: application/json; charset=utf-8
cache-control: no-cache
content-length: 88

01:14:18.742 [AsyncHttpClient-1-2] DEBUG org.asynchttpclient.netty.channel.ChannelManager - Adding key: http://localhost:63161 for channel [id: 0xa572475c, L:/127.0.0.1:50113 - R:localhost/127.0.0.1:63161]
01:14:18.746 [Forwarding clickElement on session 16b65777b270967f13f0d0d73751cd4d to remote] DEBUG org.asynchttpclient.netty.request.NettyRequestSender - Using pooled Channel '[id: 0xa572475c, L:/127.0.0.1:50113 - R:localhost/127.0.0.1:63161]' for 'POST' to 'http://localhost:63161/session/16b65777b270967f13f0d0d73751cd4d/element/7fa4be1b-c712-4479-8486-279107113b24/click'
01:14:18.746 [Forwarding clickElement on session 16b65777b270967f13f0d0d73751cd4d to remote] DEBUG org.asynchttpclient.netty.request.NettyRequestSender - Using open Channel [id: 0xa572475c, L:/127.0.0.1:50113 - R:localhost/127.0.0.1:63161] for POST '/session/16b65777b270967f13f0d0d73751cd4d/element/7fa4be1b-c712-4479-8486-279107113b24/click'
01:14:18.857 [AsyncHttpClient-1-2] DEBUG org.asynchttpclient.netty.handler.HttpHandler - 

Request DefaultHttpRequest(decodeResult: success, version: HTTP/1.1)
POST /session/16b65777b270967f13f0d0d73751cd4d/element/7fa4be1b-c712-4479-8486-279107113b24/click HTTP/1.1
User-Agent: selenium/4.0.0 (java mac)
Content-Length: 50
Content-Type: application/json; charset=utf-8
host: localhost:63161
accept: */*

Response DefaultHttpResponse(decodeResult: success, version: HTTP/1.1)
HTTP/1.1 200 OK
Content-Type: application/json; charset=utf-8
cache-control: no-cache
content-length: 14

01:14:18.858 [AsyncHttpClient-1-2] DEBUG org.asynchttpclient.netty.channel.ChannelManager - Adding key: http://localhost:63161 for channel [id: 0xa572475c, L:/127.0.0.1:50113 - R:localhost/127.0.0.1:63161]
01:14:18.862 [Forwarding findElement on session 16b65777b270967f13f0d0d73751cd4d to remote] DEBUG org.asynchttpclient.netty.request.NettyRequestSender - Using pooled Channel '[id: 0xa572475c, L:/127.0.0.1:50113 - R:localhost/127.0.0.1:63161]' for 'POST' to 'http://localhost:63161/session/16b65777b270967f13f0d0d73751cd4d/element'
01:14:18.862 [Forwarding findElement on session 16b65777b270967f13f0d0d73751cd4d to remote] DEBUG org.asynchttpclient.netty.request.NettyRequestSender - Using open Channel [id: 0xa572475c, L:/127.0.0.1:50113 - R:localhost/127.0.0.1:63161] for POST '/session/16b65777b270967f13f0d0d73751cd4d/element'
01:14:18.884 [AsyncHttpClient-1-2] DEBUG org.asynchttpclient.netty.handler.HttpHandler - 

Request DefaultHttpRequest(decodeResult: success, version: HTTP/1.1)
POST /session/16b65777b270967f13f0d0d73751cd4d/element HTTP/1.1
User-Agent: selenium/4.0.0 (java mac)
Content-Length: 91
Content-Type: application/json; charset=utf-8
host: localhost:63161
accept: */*

Response DefaultHttpResponse(decodeResult: success, version: HTTP/1.1)
HTTP/1.1 200 OK
Content-Type: application/json; charset=utf-8
cache-control: no-cache
content-length: 88

01:14:18.884 [AsyncHttpClient-1-2] DEBUG org.asynchttpclient.netty.channel.ChannelManager - Adding key: http://localhost:63161 for channel [id: 0xa572475c, L:/127.0.0.1:50113 - R:localhost/127.0.0.1:63161]
01:14:18.887 [Forwarding getElementText on session 16b65777b270967f13f0d0d73751cd4d to remote] DEBUG org.asynchttpclient.netty.request.NettyRequestSender - Using pooled Channel '[id: 0xa572475c, L:/127.0.0.1:50113 - R:localhost/127.0.0.1:63161]' for 'GET' to 'http://localhost:63161/session/16b65777b270967f13f0d0d73751cd4d/element/fa03b650-f722-4019-8988-6b99a095c91f/text'
01:14:18.887 [Forwarding getElementText on session 16b65777b270967f13f0d0d73751cd4d to remote] DEBUG org.asynchttpclient.netty.request.NettyRequestSender - Using open Channel [id: 0xa572475c, L:/127.0.0.1:50113 - R:localhost/127.0.0.1:63161] for GET '/session/16b65777b270967f13f0d0d73751cd4d/element/fa03b650-f722-4019-8988-6b99a095c91f/text'
01:14:18.911 [AsyncHttpClient-1-2] DEBUG org.asynchttpclient.netty.handler.HttpHandler - 

Request DefaultFullHttpRequest(decodeResult: success, version: HTTP/1.1, content: EmptyByteBufBE)
GET /session/16b65777b270967f13f0d0d73751cd4d/element/fa03b650-f722-4019-8988-6b99a095c91f/text HTTP/1.1
User-Agent: selenium/4.0.0 (java mac)
Cache-Control: no-cache
Content-Type: application/json; charset=utf-8
host: localhost:63161
accept: */*

Response DefaultHttpResponse(decodeResult: success, version: HTTP/1.1)
HTTP/1.1 200 OK
Content-Type: application/json; charset=utf-8
cache-control: no-cache
content-length: 13

01:14:18.912 [AsyncHttpClient-1-2] DEBUG org.asynchttpclient.netty.channel.ChannelManager - Adding key: http://localhost:63161 for channel [id: 0xa572475c, L:/127.0.0.1:50113 - R:localhost/127.0.0.1:63161]
]]></system-out>
  </testcase>
</testsuite>